[2019-07-06 15:32:12,858: DEBUG/ForkPoolWorker-3] [1m[一般] - [界面|国是]为加强党的全面领导提供有力制度保障[0m
[2019-07-06 15:32:13,359: DEBUG/ForkPoolWorker-3] [1m[一般] - [澎湃|人事风向]李伯超任湘潭大学校长[0m
[2019-07-06 15:32:13,860: WARNING/ForkPoolWorker-3] [33m[黄色] - [澎湃|打虎记]区长回应“水幕电影事件”9天后落马[0m
[2019-07-06 15:32:14,361: DEBUG/ForkPoolWorker-3] [1m[一般] - [澎湃|汽车圈]上汽集团总裁换任倒计时：王晓秋接棒陈志鑫进入公示阶段[0m
[2019-07-06 15:32:14,862: DEBUG/ForkPoolWorker-3] [1m[一般] - [界面|文娱]低调裸播、高调开跑、接连定档，Q3剧集迎来最后的狂欢？[0m
[2019-07-06 15:32:15,364: DEBUG/ForkPoolWorker-3] [1m[一般] - [澎湃|私家历史]周振鹤：谈谈我对《水经注》的认识[0m
[2019-07-06 15:32:15,866: DEBUG/ForkPoolWorker-3] [1m[一般] - [界面|数据]数据 | 民营医院数量占比超六成背后：诊疗人次不到两成[0m
[2019-07-06 15:32:16,368: DEBUG/ForkPoolWorker-3] [1m[一般] - [澎湃|中国政库]传媒湃｜“中国农业新闻网”已改版为“中国农网”[0m
[2019-07-06 15:32:16,870: DEBUG/ForkPoolWorker-3] [1m[一般] - [澎湃|舆论场]微博开展暑期涉黄低俗信息专项清理行动，违法信息上报公安[0m
[2019-07-06 15:32:17,372: DEBUG/ForkPoolWorker-3] [1m[一般] - [澎湃|中国政库]吉林工程技术师范学院副教授论文涉嫌抄袭，校方已启动调查[0m
[2019-07-06 15:32:17,873: ERROR/ForkPoolWorker-3] [36m[橙色] - [界面|体育]支付宝10年10亿支持中国女足，放弃所有商业权益[0m
[2019-07-06 15:32:18,374: DEBUG/ForkPoolWorker-3] [1m[一般] - [界面|数据]数据 | 上海国际电影节报名影片26年翻22倍，4部中国影片获奖[0m
[2019-07-06 15:32:18,885: DEBUG/ForkPoolWorker-3] [1m[一般] - [界面|中国]河南永城警方通报玛莎拉蒂撞宝马事故：肇事女司机23岁无业[0m
[2019-07-06 15:32:19,387: DEBUG/ForkPoolWorker-3] [1m[一般] - [界面|数据]图解 | 新中国成立后第九次特赦[0m
[2019-07-06 15:32:19,889: DEBUG/ForkPoolWorker-3] [1m[一般] - [界面|文娱]《狮子王》《爱宠2》等进口片夹击，国产动画能否突围？[0m
[2019-07-06 15:32:20,390: DEBUG/ForkPoolWorker-3] [1m[一般] - [界面|体育]体育经纪作拼图，腾讯体育想发力数字化营销[0m
[2019-07-06 15:32:20,892: DEBUG/ForkPoolWorker-3] [1m[一般] - [澎湃|人事风向]外交部原副部长王超出任外交学会会长，接替吴海龙[0m
[2019-07-06 15:32:21,393: DEBUG/ForkPoolWorker-3] [1m[一般] - [界面|文娱]视频平台鏖战2019上半场，头部综艺对平台加持作用凸显[0m
[2019-07-06 15:32:21,895: DEBUG/ForkPoolWorker-3] [1m[一般] - [界面|数据]图解 | 上海垃圾分类时代已至，其他城市还远吗？[0m
[2019-07-06 15:32:22,398: DEBUG/ForkPoolWorker-3] [1m[一般] - [界面|国是]铁路初心（一）：红色基因[0m
[2019-07-06 15:32:22,899: DEBUG/ForkPoolWorker-3] [1m[一般] - [界面|中国]“百名红通人员”黄艳兰贪污案二审宣判，曾用公款在上海买房52套[0m
[2019-07-06 15:32:23,400: DEBUG/ForkPoolWorker-3] [1m[一般] - [界面|天下]两名中国游客在马来西亚潜水时遇难，肇因疑似捕鱼爆炸物[0m
[2019-07-06 15:32:23,823: INFO/MainProcess] Received task: celery_app.thepaper_crawler.crawl[f988f819-0082-44db-a3b2-4716097dc42c]  
[2019-07-06 15:32:23,824: INFO/MainProcess] Received task: celery_app.jiemian_crawler.crawl[6def9852-c326-4fff-a31b-851af28d6e5a]  
[2019-07-06 15:32:23,825: INFO/MainProcess] Received task: celery_app.monitor.output[f0a3ec8d-969e-4318-83c8-806e82b46da3]  ETA:[2019-07-06 07:32:33.824334+00:00] 
[2019-07-06 15:32:23,901: DEBUG/ForkPoolWorker-3] [1m[一般] - [澎湃|古代艺术]台北故宫新展：走进古画里的“动物园”，营造共学共玩情境[0m
[2019-07-06 15:32:24,402: DEBUG/ForkPoolWorker-3] [1m[一般] - [界面|国是]把大伙儿的事放心上（人民满意的公务员）[0m
[2019-07-06 15:32:24,903: DEBUG/ForkPoolWorker-3] [1m[一般] - [界面|天下]美国加州再遇强震多场NBA赛事中断，未来一周可能还有7级地震[0m
[2019-07-06 15:32:25,405: DEBUG/ForkPoolWorker-3] [1m[一般] - [界面|国是]中国共产党如何始终做到自身过硬？| 音频课[0m
[2019-07-06 15:32:25,906: DEBUG/ForkPoolWorker-3] [1m[一般] - [界面|国是]30余国政党代表走进中国看振兴[0m
[2019-07-06 15:32:26,408: DEBUG/ForkPoolWorker-3] [1m[一般] - [澎湃|澎湃评论]马上评丨三表举报兽爷，“江湖对决”更要“行业自治”[0m
[2019-07-06 15:32:26,910: DEBUG/ForkPoolWorker-3] [1m[一般] - [界面|时尚]香奈儿近日在一起中国“双C”商标维权案中败诉[0m
[2019-07-06 15:32:27,411: DEBUG/ForkPoolWorker-3] [1m[一般] - [澎湃|打虎记]江西芦溪县委常委刘宗萍主动投案接受调查[0m
[2019-07-06 15:32:27,419: INFO/ForkPoolWorker-8] Task celery_app.jiemian_crawler.crawl[6def9852-c326-4fff-a31b-851af28d6e5a] succeeded in 3.5946239989998503s: None
[2019-07-06 15:32:27,912: DEBUG/ForkPoolWorker-3] [1m[一般] - [界面|天下]欧盟伊朗将完成首笔绕开美国制裁的贸易，但伊朗的耐心快没了[0m
[2019-07-06 15:32:28,414: DEBUG/ForkPoolWorker-3] [1m[一般] - [界面|天下]伊核协议彻底作废？鲁哈尼施压欧洲：周日突破浓缩铀丰度限制[0m
[2019-07-06 15:32:28,845: INFO/ForkPoolWorker-7] Task celery_app.thepaper_crawler.crawl[f988f819-0082-44db-a3b2-4716097dc42c] succeeded in 5.020841684000061s: None
[2019-07-06 15:32:28,915: WARNING/ForkPoolWorker-3] [33m[黄色] - [澎湃|中南海]时政微视频：一项新中国外交纪录这样诞生[0m
[2019-07-06 15:32:29,417: DEBUG/ForkPoolWorker-3] [1m[一般] - [界面|中国]部分地方“分红式扶贫”跑偏：懒汉啥也不干分红上千元[0m
[2019-07-06 15:32:29,919: DEBUG/ForkPoolWorker-3] [1m[一般] - [澎湃|运动家]体坛联播｜中国男篮遭遇41分惨败，张帅首次闯入温网16强[0m
[2019-07-06 15:32:30,421: INFO/ForkPoolWorker-3] [34m[蓝色] - [澎湃|中南海]中国强音！习近平：中国有信心走好自己的路、办好自己的事[0m
[2019-07-06 15:32:30,922: DEBUG/ForkPoolWorker-3] [1m[一般] - [界面|体育]球星加入打开金路，篮网下赛季收入有望增长15%[0m
[2019-07-06 15:32:31,427: DEBUG/ForkPoolWorker-3] [1m[一般] - [澎湃|文艺范]忒修斯：年轻轻玩乐队的，却说什么“文以载道” [0m
[2019-07-06 15:32:31,929: DEBUG/ForkPoolWorker-3] [1m[一般] - [澎湃|视界]小程序不烧脑 “澎湃分垃圾”正式上线[0m
[2019-07-06 15:32:32,430: DEBUG/ForkPoolWorker-3] [1m[一般] - [澎湃|绿政公署]受雷雨天气影响，北京首都机场已取消航班172架次[0m
[2019-07-06 15:32:32,932: DEBUG/ForkPoolWorker-3] [1m[一般] - [界面|天下]博尔顿、蓬佩奥带头喊打，美国对伊鹰派势力有多大？[0m
[2019-07-06 15:32:33,434: WARNING/ForkPoolWorker-3] [33m[黄色] - [澎湃|运动家]与帕金森战斗12年！26岁小伙从拄拐少年变身肌肉小哥[0m
[2019-07-06 15:32:33,936: INFO/ForkPoolWorker-3] [34m[蓝色] - [澎湃|中国政库]利用退休教师资源：湖北招募2百名退休教师赴精准扶贫县任教[0m
[2019-07-06 15:32:33,962: CRITICAL/ForkPoolWorker-4] [31m[红色] - +++++++++++++++++++++++++++++++++++++++++[0m
[2019-07-06 15:32:33,963: CRITICAL/ForkPoolWorker-4] [31m[红色] - +++小张新闻收集器terminal - 正在运行中+++[0m
[2019-07-06 15:32:33,963: CRITICAL/ForkPoolWorker-4] [31m[红色] - +++  Beta 0.1 powered by Ian Zhang  +++[0m
[2019-07-06 15:32:33,964: CRITICAL/ForkPoolWorker-4] [31m[红色] - +++++++++++++++++++++++++++++++++++++++++[0m
[2019-07-06 15:32:33,968: DEBUG/ForkPoolWorker-4] [1m[一般] - [澎湃|视界]小程序不烧脑 “澎湃分垃圾”正式上线[0m
[2019-07-06 15:32:34,438: DEBUG/ForkPoolWorker-3] [1m[一般] - [界面|宏观]【财经24小时】海南省将探索试行自由贸易港财税政策[0m
[2019-07-06 15:32:34,469: DEBUG/ForkPoolWorker-4] [1m[一般] - [澎湃|澎湃评论]马上评丨三表举报兽爷，“江湖对决”更要“行业自治”[0m
[2019-07-06 15:32:34,939: DEBUG/ForkPoolWorker-3] [1m[一般] - [澎湃|人事风向]黄晓玫任中国地质大学（武汉）党委书记[0m
[2019-07-06 15:32:34,970: DEBUG/ForkPoolWorker-4] [1m[一般] - [界面|国是]经历艰辛 走向胜利[0m
[2019-07-06 15:32:35,450: DEBUG/ForkPoolWorker-3] [1m[一般] - [界面|时尚]不动刀不注射就能瘦脸的日式小颜整骨，是最新的智商税吗？[0m
[2019-07-06 15:32:35,471: DEBUG/ForkPoolWorker-4] [1m[一般] - [澎湃|打虎记]广西一正科级官员出庭受审：涉嫌受贿877万元[0m
[2019-07-06 15:32:35,951: DEBUG/ForkPoolWorker-3] [1m[一般] - [界面|时尚]从运动场到奢侈品店，白色的网球装通吃两界[0m
[2019-07-06 15:32:35,973: DEBUG/ForkPoolWorker-4] [1m[一般] - [澎湃|舆论场]多款知名App被通报，用户信息屡遭侵犯的顽疾该攻克了[0m
[2019-07-06 15:32:36,452: DEBUG/ForkPoolWorker-3] [1m[一般] - [澎湃|中南海]这个6月不寻常！习近平四赴海外，写就中国外交新华章[0m
[2019-07-06 15:32:36,475: DEBUG/ForkPoolWorker-4] [1m[一般] - [澎湃|翻书党]敦煌学家项楚八秩寿庆，《项楚学术文集》由中华书局出版[0m
[2019-07-06 15:32:36,954: DEBUG/ForkPoolWorker-3] [1m[一般] - [界面|中国]大数据填报志愿乱象：花数百元看不到“数据”，被骗后投诉无门[0m
[2019-07-06 15:32:36,975: DEBUG/ForkPoolWorker-4] [1m[一般] - [澎湃|古代艺术]台北故宫新展：走进古画里的“动物园”，营造共学共玩情境[0m
[2019-07-06 15:32:37,455: DEBUG/ForkPoolWorker-3] [1m[一般] - [界面|天下]巴西亚马孙雨林流失加速，森林砍伐地被爆违规放牧卖牛[0m
[2019-07-06 15:32:37,477: WARNING/ForkPoolWorker-4] [33m[黄色] - [界面|数据]数据 | 广州增加车牌供应后均价大降32%，其他城市会跟吗？[0m
[2019-07-06 15:32:37,956: DEBUG/ForkPoolWorker-3] [1m[一般] - [澎湃|打虎记]河南省司法厅党委委员、副厅长黄真伟接受审查调查[0m
[2019-07-06 15:32:37,978: DEBUG/ForkPoolWorker-4] [1m[一般] - [澎湃|人事风向]航天专家、长江学者特聘教授赵正旭拟赴青岛理工大学工作[0m
[2019-07-06 15:32:38,457: INFO/ForkPoolWorker-3] [34m[蓝色] - [澎湃|金改实验室]热点追踪｜IMF要发数字货币取代世界储备货币？[0m
[2019-07-06 15:32:38,480: INFO/ForkPoolWorker-4] [34m[蓝色] - [澎湃|人事风向]安徽池州一干部因工作需要拟破格提拔，基层工作经历不足两年[0m
[2019-07-06 15:32:38,958: DEBUG/ForkPoolWorker-3] [1m[一般] - [澎湃|亲子学堂]建平远翔校长于基泰寄语毕业生:向前冲时，记得回头看一看[0m
[2019-07-06 15:32:38,980: INFO/ForkPoolWorker-4] [34m[蓝色] - [澎湃|澎湃国际]南非总统拉马福萨：欢迎中国华为公司为南非带来5G技术[0m
[2019-07-06 15:32:39,459: DEBUG/ForkPoolWorker-3] [1m[一般] - [界面|天下]日本参院选举各党党首展开舌战，女性参选比例创新高[0m
[2019-07-06 15:32:39,482: DEBUG/ForkPoolWorker-4] [1m[一般] - [澎湃|直击现场]湖北黄石：幼儿园老师体罚学生已被行政拘留，责令解聘[0m
[2019-07-06 15:32:39,961: WARNING/ForkPoolWorker-3] [33m[黄色] - [界面|数据]数据 | 广州增加车牌供应后均价大降32%，其他城市会跟吗？[0m
[2019-07-06 15:32:39,983: DEBUG/ForkPoolWorker-4] [1m[一般] - [澎湃|汽车圈]53岁科鲁格宣布不再谋求连任，宝马最晚明年更换全球董事长[0m
[2019-07-06 15:32:40,462: INFO/ForkPoolWorker-3] [34m[蓝色] - [澎湃|中国政库]北京房屋租赁行业毕业租房季倡议：稳定租金，规范租金贷[0m
[2019-07-06 15:32:40,484: DEBUG/ForkPoolWorker-4] [1m[一般] - [界面|国是]30余国政党代表走进中国看振兴[0m
[2019-07-06 15:32:40,964: WARNING/ForkPoolWorker-3] [33m[黄色] - [澎湃|中国政库]河北深泽通报“一村虚增百余厕所骗补”调查进展：问题属实[0m
[2019-07-06 15:32:40,986: ERROR/ForkPoolWorker-4] [36m[橙色] - [界面|中国]【特写】深圳最大城中村“白石洲”清租困局：被断档的学位[0m
[2019-07-06 15:32:41,465: CRITICAL/ForkPoolWorker-3] [31m[红色] - [界面|数据]数据 | “618”大战正酣，格力PK奥克斯谁更强？[0m
[2019-07-06 15:32:41,487: DEBUG/ForkPoolWorker-4] [1m[一般] - [界面|天下]巴西亚马孙雨林流失加速，森林砍伐地被爆违规放牧卖牛[0m
[2019-07-06 15:32:41,967: DEBUG/ForkPoolWorker-3] [1m[一般] - [澎湃|文艺范]夏季音乐节｜乌特·兰帕献声《七宗罪》，举手投足里都是戏[0m
[2019-07-06 15:32:41,989: DEBUG/ForkPoolWorker-4] [1m[一般] - [澎湃|打虎记]重庆“两栖干部”被一举报信牵出：虚造花名册，违规兼职取酬[0m
[2019-07-06 15:32:42,469: DEBUG/ForkPoolWorker-3] [1m[一般] - [澎湃|汽车圈]53岁科鲁格宣布不再谋求连任，宝马最晚明年更换全球董事长[0m
[2019-07-06 15:32:42,489: DEBUG/ForkPoolWorker-4] [1m[一般] - [澎湃|地产界]中国游客赴保加利亚呈爆发式增长，总统拉德夫：正在推动直航[0m
[2019-07-06 15:32:42,971: DEBUG/ForkPoolWorker-3] [1m[一般] - [澎湃|金改实验室]银保监会副主席：一季末银行业保险业资管产品余额近44万亿[0m
[2019-07-06 15:32:42,990: ERROR/ForkPoolWorker-4] [36m[橙色] - [澎湃|中国政库]山东省政府网站刊发网友建议，言辞犀利直指山东弊端[0m
[2019-07-06 15:32:43,471: ERROR/ForkPoolWorker-3] [36m[橙色] - [澎湃|舆论场]中青报：女性求职就业总被问“生没生娃”，生育歧视几时休[0m
[2019-07-06 15:32:43,492: DEBUG/ForkPoolWorker-4] [1m[一般] - [界面|宏观]【财经24小时】海南省将探索试行自由贸易港财税政策[0m
[2019-07-06 15:32:43,972: DEBUG/ForkPoolWorker-3] [1m[一般] - [澎湃|人事风向]孙硕当选北京市西城区区长[0m
[2019-07-06 15:32:43,993: DEBUG/ForkPoolWorker-4] [1m[一般] - [澎湃|人事风向]李鸿飞大校已接替周琪少将担任中国驻法国大使馆武官[0m
[2019-07-06 15:32:44,474: DEBUG/ForkPoolWorker-3] [1m[一般] - [澎湃|有戏]人工智能，以及科幻电影中的AI迷思[0m
[2019-07-06 15:32:44,494: DEBUG/ForkPoolWorker-4] [1m[一般] - [澎湃|打虎记]乌兰察布原副市长严洪波案昨日一审开庭，当庭认罪悔罪[0m
[2019-07-06 15:32:44,976: DEBUG/ForkPoolWorker-3] [1m[一般] - [澎湃|人事风向]航天专家、长江学者特聘教授赵正旭拟赴青岛理工大学工作[0m
[2019-07-06 15:32:44,995: INFO/ForkPoolWorker-4] [34m[蓝色] - [澎湃|舆论场]半月谈：衰败还是新生？中国小镇面临巨大挑战[0m
[2019-07-06 15:32:45,477: DEBUG/ForkPoolWorker-3] [1m[一般] - [澎湃|人事风向]史胜林出任武警安徽省总队司令员，接替王宝音[0m
[2019-07-06 15:32:45,497: DEBUG/ForkPoolWorker-4] [1m[一般] - [澎湃|打虎记]安徽怀宁县委常委、宣传部部长程廷灿接受纪律审查和监察调查[0m
[2019-07-06 15:32:45,979: DEBUG/ForkPoolWorker-3] [1m[一般] - [界面|国是]深化党和国家机构改革，习近平明确下一步任务和方向[0m
[2019-07-06 15:32:45,998: ERROR/ForkPoolWorker-4] [36m[橙色] - [澎湃|中国政库]亚洲首位！南京大学沈树忠院士获国际地层学最高金奖[0m
[2019-07-06 15:32:46,480: INFO/ForkPoolWorker-3] [34m[蓝色] - [澎湃|运动家]NBA地震！伦纳德、保罗·乔治将转投快船，湖人球迷哭了[0m
[2019-07-06 15:32:46,499: DEBUG/ForkPoolWorker-4] [1m[一般] - [界面|宏观]【评论】中国经济延展内生韧性，下行压力不失控[0m
[2019-07-06 15:32:46,981: WARNING/ForkPoolWorker-3] [33m[黄色] - [澎湃|舆论场]新华社评“李尚平案”：积案不能沉没，再难也得查个水落石出[0m
[2019-07-06 15:32:47,001: DEBUG/ForkPoolWorker-4] [1m[一般] - [澎湃|中国政库]川藏铁路雅安至林芝段进展：目前开展征地拆迁调查等前期工作[0m
[2019-07-06 15:32:47,483: DEBUG/ForkPoolWorker-3] [1m[一般] - [澎湃|打虎记]国家税务总局阿坝州税务局党委书记、局长吴光旭接受监察调查[0m
[2019-07-06 15:32:47,501: INFO/ForkPoolWorker-4] [34m[蓝色] - [澎湃|金改实验室]美国6月非农数据亮眼打压降息预期，特朗普再发推抨击美联储[0m
[2019-07-06 15:32:47,984: WARNING/ForkPoolWorker-3] [33m[黄色] - [澎湃|牛市点线面]首例：银河证券因科创板打新弃购被列限制名单，称是操作事故[0m
[2019-07-06 15:32:48,003: DEBUG/ForkPoolWorker-4] [1m[一般] - [澎湃|打虎记]河北省残疾人联合会原副理事长李国忠接受纪律审查和监察调查[0m
[2019-07-06 15:32:48,485: CRITICAL/ForkPoolWorker-3] [31m[红色] - [澎湃|直击现场]河南媒体：玛莎拉蒂撞宝马酒驾女司机刚从职校毕业，家境富裕[0m
[2019-07-06 15:32:48,503: DEBUG/ForkPoolWorker-4] [1m[一般] - [界面|体育]球星加入打开金路，篮网下赛季收入有望增长15%[0m
[2019-07-06 15:32:48,986: DEBUG/ForkPoolWorker-3] [1m[一般] - [澎湃|中南海]G20峰会前一天，习近平这两场会见释放丰富信息[0m
[2019-07-06 15:32:49,005: WARNING/ForkPoolWorker-4] [33m[黄色] - [澎湃|舆论场]人工智能软件​“一键脱衣”？媒体：技术与道德不该如此对立[0m
[2019-07-06 15:32:49,487: DEBUG/ForkPoolWorker-3] [1m[一般] - [澎湃|科技湃]中国首颗软件定义卫星天智一号完成多项在轨试验[0m
[2019-07-06 15:32:49,506: DEBUG/ForkPoolWorker-4] [1m[一般] - [澎湃|私家地理]从坦克兵到养蜂人，关坝村的返乡青年故事[0m
[2019-07-06 15:32:49,989: WARNING/ForkPoolWorker-3] [33m[黄色] - [界面|宏观]今年夏天哪个城市最难找工作？北京一个岗位130多人竞争[0m
[2019-07-06 15:32:50,007: DEBUG/ForkPoolWorker-4] [1m[一般] - [界面|时尚]老佛爷去世后的CHANEL高定首秀：优雅地行走在图书馆[0m
[2019-07-06 15:32:50,491: DEBUG/ForkPoolWorker-3] [1m[一般] - [澎湃|舆论场]媒体谈偷拍事件：技术监管不到位，面临具体处罚该有法可依[0m
[2019-07-06 15:32:50,509: ERROR/ForkPoolWorker-4] [36m[橙色] - [澎湃|舆论场]点穴大师打败散打冠军？中青报：弘扬武术文化不能只剩表演[0m
[2019-07-06 15:32:50,993: DEBUG/ForkPoolWorker-3] [1m[一般] - [界面|宏观]京津冀一体化爬坡过坎：“飞地模式”成重要抓手[0m
[2019-07-06 15:32:51,011: DEBUG/ForkPoolWorker-4] [1m[一般] - [澎湃|中国政库]102名外国政府官员今天从这所中国大学结业[0m
[2019-07-06 15:32:51,495: DEBUG/ForkPoolWorker-3] [1m[一般] - [澎湃|打虎记]四川省体育局副局长季涛接受纪律审查和监察调查 [0m
[2019-07-06 15:32:51,512: DEBUG/ForkPoolWorker-4] [1m[一般] - [界面|数据]数据 | 买房究竟对消费造成了多大的挤压？[0m
[2019-07-06 15:32:51,997: ERROR/ForkPoolWorker-3] [36m[橙色] - [澎湃|中南海]建设清洁美丽世界，习近平这些话字字珠玑[0m
[2019-07-06 15:32:52,014: DEBUG/ForkPoolWorker-4] [1m[一般] - [界面|体育]耐克重注女足世界杯获回报，美国主场球衣创季度销量纪录[0m
[2019-07-06 15:32:52,499: INFO/ForkPoolWorker-3] [34m[蓝色] - [澎湃|舆论场]媒体：离不离婚，不用等高考  [0m
[2019-07-06 15:32:52,515: WARNING/ForkPoolWorker-4] [33m[黄色] - [澎湃|中南海]一图速览习近平的G20时间[0m
[2019-07-06 15:32:53,001: DEBUG/ForkPoolWorker-3] [1m[一般] - [界面|宏观]美国宏观经济、美联储动向与美股下半年涨跌预测[0m
[2019-07-06 15:32:53,017: INFO/ForkPoolWorker-4] [34m[蓝色] - [澎湃|牛市点线面]银河证券紧急问责“弃购”事件，对自营投资负责人党内警告[0m
[2019-07-06 15:32:53,502: ERROR/ForkPoolWorker-3] [36m[橙色] - [澎湃|中国政库]山东省政府网站刊发网友建议，言辞犀利直指山东弊端[0m
[2019-07-06 15:32:53,519: DEBUG/ForkPoolWorker-4] [1m[一般] - [澎湃|教育家]网传“广东普宁一教师性侵学生”，警方：系去年发生，正调查[0m
[2019-07-06 15:32:54,004: DEBUG/ForkPoolWorker-3] [1m[一般] - [界面|宏观]【评论】中国经济延展内生韧性，下行压力不失控[0m
[2019-07-06 15:32:54,021: WARNING/ForkPoolWorker-4] [33m[黄色] - [澎湃|地产界]南宁楼市狂欢：新开楼盘遭哄抢，66万“团购费”买入场资格[0m
[2019-07-06 15:32:54,506: DEBUG/ForkPoolWorker-3] [1m[一般] - [界面|宏观]【财经数据】全国机动车保有量3.4亿辆，汽车2.5亿辆[0m
[2019-07-06 15:32:54,522: DEBUG/ForkPoolWorker-4] [1m[一般] - [界面|时尚]泰国选美大赛为什么总是这么鬼畜？[0m
[2019-07-06 15:32:55,007: DEBUG/ForkPoolWorker-3] [1m[一般] - [澎湃|人事风向]洪亮任外交部边界与海洋事务司司长，曾任中国驻缅甸大使[0m
[2019-07-06 15:32:55,023: DEBUG/ForkPoolWorker-4] [1m[一般] - [界面|体育]体育经纪作拼图，腾讯体育想发力数字化营销[0m
[2019-07-06 15:32:55,509: DEBUG/ForkPoolWorker-3] [1m[一般] - [界面|时尚]GUCCI珠宝首店开张，开云集团为什么在珠宝领域加码？[0m
[2019-07-06 15:32:55,524: DEBUG/ForkPoolWorker-4] [1m[一般] - [界面|天下]【天下头条】伊朗称要扣押英国船只以示报复 美国6月就业增长强劲但美股收低[0m
[2019-07-06 15:32:56,011: DEBUG/ForkPoolWorker-3] [1m[一般] - [澎湃|中国政库]今年6月全国受理网络违法和不良信息举报1170万件[0m
[2019-07-06 15:32:56,026: INFO/ForkPoolWorker-4] [34m[蓝色] - [澎湃|金改实验室]热点追踪｜IMF要发数字货币取代世界储备货币？[0m
[2019-07-06 15:32:56,513: DEBUG/ForkPoolWorker-3] [1m[一般] - [澎湃|翻书党]《闽诗传统的生成》：地域文学研究的新探索[0m
[2019-07-06 15:32:56,527: DEBUG/ForkPoolWorker-4] [1m[一般] - [澎湃|打虎记]北京市公安局大兴分局交通支队支队长王爱民接受审查调查[0m
[2019-07-06 15:32:57,015: DEBUG/ForkPoolWorker-3] [1m[一般] - [澎湃|舆论场]央视快评：爱国爱港是正道[0m
[2019-07-06 15:32:57,028: WARNING/ForkPoolWorker-4] [33m[黄色] - [界面|天下]英国扣押油轮激怒伊朗，北约军队掺和下核协议还有得救吗？[0m
[2019-07-06 15:32:57,517: ERROR/ForkPoolWorker-3] [36m[橙色] - [澎湃|澎湃国际]美国加州发生6.9级地震，震源深度10千米[0m
[2019-07-06 15:32:57,530: DEBUG/ForkPoolWorker-4] [1m[一般] - [澎湃|打虎记]国家税务总局阿坝州税务局党委书记、局长吴光旭接受监察调查[0m
[2019-07-06 15:32:58,019: DEBUG/ForkPoolWorker-3] [1m[一般] - [界面|国是]习近平在深化党和国家机构改革总结会议上强调：巩固党和国家机构改革成果 推进国家治理体系和治理能力现代化[0m
[2019-07-06 15:32:58,031: DEBUG/ForkPoolWorker-4] [1m[一般] - [界面|文娱]低调裸播、高调开跑、接连定档，Q3剧集迎来最后的狂欢？[0m
[2019-07-06 15:32:58,520: DEBUG/ForkPoolWorker-3] [1m[一般] - [澎湃|打虎记]安徽怀宁县委常委、宣传部部长程廷灿接受纪律审查和监察调查[0m
[2019-07-06 15:32:58,533: WARNING/ForkPoolWorker-4] [33m[黄色] - [澎湃|10%公司]康得新4年虚增利润119亿，证监会拟顶格处罚：或强制退市[0m
[2019-07-06 15:32:59,021: DEBUG/ForkPoolWorker-3] [1m[一般] - [界面|中国]洞庭湖“超级矮围”业主被公诉，曾使62名官员被问责[0m
[2019-07-06 15:32:59,035: DEBUG/ForkPoolWorker-4] [1m[一般] - [澎湃|打虎记]江西芦溪县委常委刘宗萍主动投案接受调查[0m
[2019-07-06 15:32:59,522: DEBUG/ForkPoolWorker-3] [1m[一般] - [界面|中国]国家防总：明起南方迎新一轮强降雨，湘桂苏局地或有特大暴雨[0m
[2019-07-06 15:32:59,536: DEBUG/ForkPoolWorker-4] [1m[一般] - [澎湃|人事风向]东华大学原校长蒋昌俊调任同济大学正局级副校长[0m
[2019-07-06 15:33:00,024: DEBUG/ForkPoolWorker-3] [1m[一般] - [澎湃|私家地理]漫步小铁路：探访湖南不为人知的窄轨（下）[0m
[2019-07-06 15:33:00,038: DEBUG/ForkPoolWorker-4] [1m[一般] - [澎湃|有戏]《流淌的美好时光》：美好只能靠“滤镜”了[0m
[2019-07-06 15:33:00,525: DEBUG/ForkPoolWorker-3] [1m[一般] - [澎湃|人事风向]李鸿飞大校已接替周琪少将担任中国驻法国大使馆武官[0m
[2019-07-06 15:33:00,540: WARNING/ForkPoolWorker-4] [33m[黄色] - [澎湃|中国政库]河北深泽通报“一村虚增百余厕所骗补”调查进展：问题属实[0m
[2019-07-06 15:33:01,027: DEBUG/ForkPoolWorker-3] [1m[一般] - [界面|宏观]【财经数据】财政部首次在澳门发行20亿元人民币国债[0m
[2019-07-06 15:33:01,041: DEBUG/ForkPoolWorker-4] [1m[一般] - [界面|中国]洞庭湖“超级矮围”业主被公诉，曾使62名官员被问责[0m
[2019-07-06 15:33:01,529: DEBUG/ForkPoolWorker-3] [1m[一般] - [澎湃|澎湃国际]南非总统拉马福萨：欢迎中国华为公司为南非带来5G技术[0m
[2019-07-06 15:33:01,543: WARNING/ForkPoolWorker-4] [33m[黄色] - [澎湃|舆论场]新华社评“李尚平案”：积案不能沉没，再难也得查个水落石出[0m
[2019-07-06 15:33:02,029: DEBUG/ForkPoolWorker-3] [1m[一般] - [澎湃|中南海]原创时政微视频 | 初心不改，矢志不渝[0m
[2019-07-06 15:33:02,045: DEBUG/ForkPoolWorker-4] [1m[一般] - [界面|宏观]李克强：中国将提前一年取消金融业外资持股比例限制[0m
[2019-07-06 15:33:02,531: DEBUG/ForkPoolWorker-3] [1m[一般] - [澎湃|中南海]金句来习丨关于G的一切[0m
[2019-07-06 15:33:02,546: DEBUG/ForkPoolWorker-4] [1m[一般] - [界面|国是]忆峥嵘岁月！这些文物背后的故事令人落泪[0m
[2019-07-06 15:33:03,033: DEBUG/ForkPoolWorker-3] [1m[一般] - [澎湃|自贸区连线]人民日报：“友好合作才是正轨”[0m
[2019-07-06 15:33:03,047: DEBUG/ForkPoolWorker-4] [1m[一般] - [澎湃|人事风向]八一勋章获得者印春荣任国家移民管理局机关党委专职副书记[0m
[2019-07-06 15:33:03,535: DEBUG/ForkPoolWorker-3] [1m[一般] - [界面|国是]从初心到活力 中国基层几件事[0m
[2019-07-06 15:33:03,548: DEBUG/ForkPoolWorker-4] [1m[一般] - [澎湃|非常品]从塑料到包包和时装，让时尚更环保[0m
[2019-07-06 15:33:04,036: DEBUG/ForkPoolWorker-3] [1m[一般] - [澎湃|人事风向]庄斌少将已担任陆军第77集团军政治工作部主任[0m
[2019-07-06 15:33:04,049: DEBUG/ForkPoolWorker-4] [1m[一般] - [澎湃|人事风向]黄晓玫任中国地质大学（武汉）党委书记[0m
[2019-07-06 15:33:04,538: INFO/ForkPoolWorker-3] [34m[蓝色] - [澎湃|财经上下游]北上广等28城调整公积金缴存基数，你每月交多少?[0m
[2019-07-06 15:33:04,551: DEBUG/ForkPoolWorker-4] [1m[一般] - [澎湃|私家历史]周振鹤：谈谈我对《水经注》的认识[0m
[2019-07-06 15:33:05,039: DEBUG/ForkPoolWorker-3] [1m[一般] - [澎湃|教育家]网传“广东普宁一教师性侵学生”，警方：系去年发生，正调查[0m
[2019-07-06 15:33:05,053: DEBUG/ForkPoolWorker-4] [1m[一般] - [界面|时尚]香奈儿近日在一起中国“双C”商标维权案中败诉[0m
[2019-07-06 15:33:05,541: DEBUG/ForkPoolWorker-3] [1m[一般] - [澎湃|中国政库]阜阳：市县两级排查梳理319条形式主义官僚主义等各类问题[0m
[2019-07-06 15:33:05,554: DEBUG/ForkPoolWorker-4] [1m[一般] - [界面|数据]图解 | 一退再退，家乐福在全球市场还剩下这些[0m
[2019-07-06 15:33:06,042: DEBUG/ForkPoolWorker-3] [1m[一般] - [界面|国是]【深一度】五问非洲猪瘟，你所关切的答案都在这里[0m
[2019-07-06 15:33:06,055: INFO/ForkPoolWorker-4] [34m[蓝色] - [界面|天下]【天下头条】英国军方扣押一艘伊朗油轮 俄罗斯承认失火潜航器为核动力[0m
[2019-07-06 15:33:06,543: DEBUG/ForkPoolWorker-3] [1m[一般] - [澎湃|地产界]中国游客赴保加利亚呈爆发式增长，总统拉德夫：正在推动直航[0m
[2019-07-06 15:33:06,557: INFO/ForkPoolWorker-4] [34m[蓝色] - [澎湃|运动家]NBA地震！伦纳德、保罗·乔治将转投快船，湖人球迷哭了[0m
[2019-07-06 15:33:07,045: DEBUG/ForkPoolWorker-3] [1m[一般] - [界面|天下]油轮被扣，伊朗威胁要“以牙还牙”[0m
[2019-07-06 15:33:07,058: DEBUG/ForkPoolWorker-4] [1m[一般] - [界面|中国]“百名红通人员”黄艳兰贪污案二审宣判，曾用公款在上海买房52套[0m
[2019-07-06 15:33:07,546: WARNING/ForkPoolWorker-3] [33m[黄色] - [澎湃|社论]【社论】上边减税降费下边乱收费？露头就打！[0m
[2019-07-06 15:33:07,560: DEBUG/ForkPoolWorker-4] [1m[一般] - [界面|天下]两名中国游客在马来西亚潜水时遇难，肇因疑似捕鱼爆炸物[0m
[2019-07-06 15:33:08,048: DEBUG/ForkPoolWorker-3] [1m[一般] - [澎湃|打虎记]重庆“两栖干部”被一举报信牵出：虚造花名册，违规兼职取酬[0m
[2019-07-06 15:33:08,061: DEBUG/ForkPoolWorker-4] [1m[一般] - [澎湃|市政厅]少女小雨的同人文世界｜埃瑞璜⑤[0m
[2019-07-06 15:33:08,550: DEBUG/ForkPoolWorker-3] [1m[一般] - [界面|天下]朝鲜近年来成立多家保险公司，现在他们开始面向外商营销[0m
[2019-07-06 15:33:08,563: ERROR/ForkPoolWorker-4] [36m[橙色] - [澎湃|澎湃国际]美国加州发生6.9级地震，震源深度10千米[0m
[2019-07-06 15:33:09,051: DEBUG/ForkPoolWorker-3] [1m[一般] - [澎湃|私家地理]从坦克兵到养蜂人，关坝村的返乡青年故事[0m
[2019-07-06 15:33:09,065: DEBUG/ForkPoolWorker-4] [1m[一般] - [界面|中国]央视评永城女司机醉驾致2死4伤：醉驾入刑八年缘何唤不醒“亡命客”？[0m
[2019-07-06 15:33:09,552: ERROR/ForkPoolWorker-3] [36m[橙色] - [澎湃|中南海]习近平多封贺信传递中国主张[0m
[2019-07-06 15:33:09,567: DEBUG/ForkPoolWorker-4] [1m[一般] - [界面|中国]水利部：预计长江中下游、辽河等流域将发生区域性较大洪水[0m
[2019-07-06 15:33:10,054: DEBUG/ForkPoolWorker-3] [1m[一般] - [澎湃|港台来信]台南一小学导师被爆性侵学生20年，官方：终身不再聘为教师[0m
[2019-07-06 15:33:10,068: DEBUG/ForkPoolWorker-4] [1m[一般] - [澎湃|人事风向]杨涌出任人民日报社编委委员，继续兼任总编室主任[0m
[2019-07-06 15:33:10,555: DEBUG/ForkPoolWorker-3] [1m[一般] - [澎湃|打虎记]广西一正科级官员出庭受审：涉嫌受贿877万元[0m
[2019-07-06 15:33:10,569: DEBUG/ForkPoolWorker-4] [1m[一般] - [澎湃|打虎记]中国纪检监察报：“庙会”管理费竟成自家“福利池” [0m
[2019-07-06 15:33:11,056: DEBUG/ForkPoolWorker-3] [1m[一般] - [界面|国是]寻精神，守初心，强信心|“记者再走长征路”活动引发热烈反响[0m
[2019-07-06 15:33:11,071: DEBUG/ForkPoolWorker-4] [1m[一般] - [澎湃|中南海]原创时政微视频 | 初心不改，矢志不渝[0m
[2019-07-06 15:33:11,558: WARNING/ForkPoolWorker-3] [33m[黄色] - [澎湃|地产界]南宁楼市狂欢：新开楼盘遭哄抢，66万“团购费”买入场资格[0m
[2019-07-06 15:33:11,573: DEBUG/ForkPoolWorker-4] [1m[一般] - [澎湃|人事风向]外交部原副部长王超出任外交学会会长，接替吴海龙[0m
[2019-07-06 15:33:12,059: DEBUG/ForkPoolWorker-3] [1m[一般] - [界面|宏观]尼日利亚确认加入世界最大自贸区，非洲大陆贸易一体化还有哪些障碍？[0m
[2019-07-06 15:33:12,074: DEBUG/ForkPoolWorker-4] [1m[一般] - [澎湃|文艺范]夏季音乐节｜乌特·兰帕献声《七宗罪》，举手投足里都是戏[0m
[2019-07-06 15:33:12,561: DEBUG/ForkPoolWorker-3] [1m[一般] - [界面|数据]图解 | 一退再退，家乐福在全球市场还剩下这些[0m
[2019-07-06 15:33:12,575: DEBUG/ForkPoolWorker-4] [1m[一般] - [澎湃|中国政库]北京市8年共整治地下空间785万平方米[0m
[2019-07-06 15:33:13,063: DEBUG/ForkPoolWorker-3] [1m[一般] - [澎湃|中南海]作为百年大党，中国共产党如何实现长期执政？习近平这样说[0m
[2019-07-06 15:33:13,077: DEBUG/ForkPoolWorker-4] [1m[一般] - [界面|中国]中国在南海岛礁试射反舰导弹？国防部回应[0m
[2019-07-06 15:33:13,564: DEBUG/ForkPoolWorker-3] [1m[一般] - [澎湃|财经上下游]人民日报：聚焦产业链，发展新集群[0m
[2019-07-06 15:33:13,579: DEBUG/ForkPoolWorker-4] [1m[一般] - [澎湃|人事风向]贵州安顺市市长陈训华已任市委书记[0m
[2019-07-06 15:33:14,066: DEBUG/ForkPoolWorker-3] [1m[一般] - [澎湃|打虎记]中国纪检监察报：“庙会”管理费竟成自家“福利池” [0m
[2019-07-06 15:33:14,081: DEBUG/ForkPoolWorker-4] [1m[一般] - [澎湃|绿政公署]国家林业和草原局督办海南滥砍盗伐珍稀树种案[0m
[2019-07-06 15:33:14,567: DEBUG/ForkPoolWorker-3] [1m[一般] - [界面|时尚]泰国选美大赛为什么总是这么鬼畜？[0m
[2019-07-06 15:33:14,582: DEBUG/ForkPoolWorker-4] [1m[一般] - [界面|国是]习近平在深化党和国家机构改革总结会议上强调：巩固党和国家机构改革成果 推进国家治理体系和治理能力现代化[0m
[2019-07-06 15:33:15,069: ERROR/ForkPoolWorker-3] [36m[橙色] - [澎湃|舆论场]陕西汉中3名官员聚赌因督导组“敲错门”被抓，警醒谁？[0m
[2019-07-06 15:33:15,084: DEBUG/ForkPoolWorker-4] [1m[一般] - [澎湃|中南海]一篮杨梅里的初心[0m
[2019-07-06 15:33:15,571: DEBUG/ForkPoolWorker-3] [1m[一般] - [澎湃|牛市点线面]证监会答再融资30问十大要点：募资不能投限制类淘汰类项目[0m
[2019-07-06 15:33:15,585: DEBUG/ForkPoolWorker-4] [1m[一般] - [界面|时尚]从运动场到奢侈品店，白色的网球装通吃两界[0m
[2019-07-06 15:33:16,080: DEBUG/ForkPoolWorker-3] [1m[一般] - [澎湃|打虎记]中纪委机关报：强化监督管理，加大金融领域反腐力度[0m
[2019-07-06 15:33:16,087: DEBUG/ForkPoolWorker-4] [1m[一般] - [澎湃|人事风向]庄斌少将已担任陆军第77集团军政治工作部主任[0m
[2019-07-06 15:33:16,582: DEBUG/ForkPoolWorker-3] [1m[一般] - [界面|文娱]环球影业未来能和迪士尼掰手腕吗？[0m
[2019-07-06 15:33:16,587: ERROR/ForkPoolWorker-4] [36m[橙色] - [澎湃|舆论场]陕西汉中3名官员聚赌因督导组“敲错门”被抓，警醒谁？[0m
[2019-07-06 15:33:17,083: INFO/ForkPoolWorker-3] [34m[蓝色] - [澎湃|财经上下游]捕鱼机老虎机将不得含押分、退钢珠等宣扬赌博内容[0m
[2019-07-06 15:33:17,088: ERROR/ForkPoolWorker-4] [36m[橙色] - [澎湃|中南海]习近平多封贺信传递中国主张[0m
[2019-07-06 15:33:17,585: DEBUG/ForkPoolWorker-3] [1m[一般] - [界面|数据]数据 | 上半年发改委批复基建项目超2700亿，机场项目最多[0m
[2019-07-06 15:33:17,590: INFO/ForkPoolWorker-4] [34m[蓝色] - [澎湃|财经上下游]捕鱼机老虎机将不得含押分、退钢珠等宣扬赌博内容[0m
[2019-07-06 15:33:18,087: ERROR/ForkPoolWorker-3] [36m[橙色] - [澎湃|中南海]为了心里最牵挂的一件大事，习近平提了哪些要求？[0m
[2019-07-06 15:33:18,091: DEBUG/ForkPoolWorker-4] [1m[一般] - [澎湃|舆论场]微博开展暑期涉黄低俗信息专项清理行动，违法信息上报公安[0m
[2019-07-06 15:33:18,588: DEBUG/ForkPoolWorker-3] [1m[一般] - [澎湃|人事风向]贵州安顺市市长陈训华已任市委书记[0m
[2019-07-06 15:33:18,592: DEBUG/ForkPoolWorker-4] [1m[一般] - [澎湃|科技湃]中国首颗软件定义卫星天智一号完成多项在轨试验[0m
[2019-07-06 15:33:19,089: INFO/ForkPoolWorker-3] [34m[蓝色] - [界面|数据]数据 | 你抑郁了么？中国每100人至少抑郁3个[0m
[2019-07-06 15:33:19,093: DEBUG/ForkPoolWorker-4] [1m[一般] - [澎湃|艺术评论]一周观展指南｜巴黎展“贾科梅蒂与裸体”，东京观三国与考古[0m
[2019-07-06 15:33:19,591: DEBUG/ForkPoolWorker-3] [1m[一般] - [界面|宏观]“开绿灯”两年后，中国首次进口美国大米[0m
[2019-07-06 15:33:19,594: ERROR/ForkPoolWorker-4] [36m[橙色] - [澎湃|中南海]从一件普通农具读懂习近平的为民初心[0m
[2019-07-06 15:33:20,093: DEBUG/ForkPoolWorker-3] [1m[一般] - [界面|中国]良渚古城“申遗”成功，中国世界遗产总数达55处位居世界第一[0m
[2019-07-06 15:33:20,096: ERROR/ForkPoolWorker-4] [36m[橙色] - [澎湃|中南海]【绘心绘语】值得收藏！习主席这些令人回味的G20金句[0m
[2019-07-06 15:33:20,595: INFO/ForkPoolWorker-3] [34m[蓝色] - [澎湃|舆论场]媒体刊文评针孔摄像头在电商平台热卖：遏制偷拍需从源头管控[0m
[2019-07-06 15:33:20,598: DEBUG/ForkPoolWorker-4] [1m[一般] - [澎湃|中国政库]传媒湃｜“中国农业新闻网”已改版为“中国农网”[0m
[2019-07-06 15:33:21,095: DEBUG/ForkPoolWorker-3] [1m[一般] - [界面|中国]两部委发文扩大高职院校奖助学金覆盖面，设立中职教育国家奖学金[0m
[2019-07-06 15:33:21,100: DEBUG/ForkPoolWorker-4] [1m[一般] - [澎湃|运动家]体坛联播｜中国男篮遭遇41分惨败，张帅首次闯入温网16强[0m
[2019-07-06 15:33:21,597: DEBUG/ForkPoolWorker-3] [1m[一般] - [界面|中国]天津男子“杀妻骗保案”在泰国开庭：涉案保险材料8个签字7个假[0m
[2019-07-06 15:33:21,602: INFO/ForkPoolWorker-4] [34m[蓝色] - [澎湃|澎湃国际]为防范恐怖分子隐藏身份，突尼斯禁止在公共机构穿戴蒙面面纱[0m
[2019-07-06 15:33:22,099: INFO/ForkPoolWorker-3] [34m[蓝色] - [澎湃|舆论场]半月谈：衰败还是新生？中国小镇面临巨大挑战[0m
[2019-07-06 15:33:22,103: DEBUG/ForkPoolWorker-4] [1m[一般] - [澎湃|古代艺术]良渚古城遗址申遗：历经83年考古，揭开良渚神秘面纱[0m
[2019-07-06 15:33:22,601: DEBUG/ForkPoolWorker-3] [1m[一般] - [澎湃|金改实验室]少见！这家农商行拟定增1亿元，同时1：1搭售不良资产[0m
[2019-07-06 15:33:22,604: DEBUG/ForkPoolWorker-4] [1m[一般] - [界面|国是]习近平对这个问题连说“重话”[0m
[2019-07-06 15:33:23,103: DEBUG/ForkPoolWorker-3] [1m[一般] - [界面|宏观]报告：2018年人民币国际化再进一步，短暂成为第三大国际货币[0m
[2019-07-06 15:33:23,105: WARNING/ForkPoolWorker-4] [33m[黄色] - [界面|时尚]被骂“山寨”这么久，Supreme Italia最近终于开口回应了[0m
[2019-07-06 15:33:23,604: DEBUG/ForkPoolWorker-3] [1m[一般] - [澎湃|舆论场]多款知名App被通报，用户信息屡遭侵犯的顽疾该攻克了[0m
[2019-07-06 15:33:23,607: DEBUG/ForkPoolWorker-4] [1m[一般] - [界面|中国]地方新闻精选|深圳拟规定出租人不得单方面提高租金 广州高空抛物或赔到倾家荡产[0m
[2019-07-06 15:33:24,106: DEBUG/ForkPoolWorker-3] [1m[一般] - [界面|中国]大学异地办学热潮：地方政府追捧的“名校校区”为何原则上不再审批？[0m
[2019-07-06 15:33:24,109: DEBUG/ForkPoolWorker-4] [1m[一般] - [澎湃|中国政库]吉林工程技术师范学院副教授论文涉嫌抄袭，校方已启动调查[0m
[2019-07-06 15:33:24,617: DEBUG/ForkPoolWorker-3] [1m[一般] - [澎湃|中南海]不忘初心，总书记这些话党员要牢记[0m
[2019-07-06 15:33:24,617: DEBUG/ForkPoolWorker-4] [1m[一般] - [界面|国是]寻精神，守初心，强信心|“记者再走长征路”活动引发热烈反响[0m
[2019-07-06 15:33:25,119: DEBUG/ForkPoolWorker-3] [1m[一般] - [澎湃|直击现场]湖北黄石：幼儿园老师体罚学生已被行政拘留，责令解聘[0m
[2019-07-06 15:33:25,119: DEBUG/ForkPoolWorker-4] [1m[一般] - [界面|宏观]【财经24小时】支付宝将下调小微贷款利率[0m
[2019-07-06 15:33:25,621: DEBUG/ForkPoolWorker-3] [1m[一般] - [界面|时尚]老佛爷去世后的CHANEL高定首秀：优雅地行走在图书馆[0m
[2019-07-06 15:33:25,621: DEBUG/ForkPoolWorker-4] [1m[一般] - [界面|天下]索马里宣布与几内亚断交，为什么？[0m
[2019-07-06 15:33:26,123: INFO/ForkPoolWorker-4] [34m[蓝色] - [澎湃|舆论场]新华社：部分乡村干部权力任性，怎么破[0m
[2019-07-06 15:33:26,123: DEBUG/ForkPoolWorker-3] [1m[一般] - [澎湃|舆论场]新华社评论员：共同推进以协调、合作、稳定为基调的中美关系[0m
[2019-07-06 15:33:26,624: INFO/ForkPoolWorker-4] [34m[蓝色] - [界面|数据]数据 | 家乐福的中国“溃败”[0m
[2019-07-06 15:33:26,624: INFO/ForkPoolWorker-3] [34m[蓝色] - [界面|天下]【天下头条】英国军方扣押一艘伊朗油轮 俄罗斯承认失火潜航器为核动力[0m
[2019-07-06 15:33:27,126: DEBUG/ForkPoolWorker-3] [1m[一般] - [澎湃|打虎记]内蒙古一官员挪用农民养老金为妻子买宝马，出逃半年被追回[0m
[2019-07-06 15:33:27,126: DEBUG/ForkPoolWorker-4] [1m[一般] - [澎湃|中国政库]山东发布“属地管理”清单指导目录，明确县乡职责分工[0m
[2019-07-06 15:33:27,627: DEBUG/ForkPoolWorker-3] [1m[一般] - [澎湃|中南海]一篮杨梅里的初心[0m
[2019-07-06 15:33:27,627: DEBUG/ForkPoolWorker-4] [1m[一般] - [澎湃|自贸区连线]人民日报：“友好合作才是正轨”[0m
[2019-07-06 15:33:28,129: DEBUG/ForkPoolWorker-3] [1m[一般] - [界面|中国]“平民市长”张百发逝世，曾指挥北京亚运会筹建工作[0m
[2019-07-06 15:33:28,129: DEBUG/ForkPoolWorker-4] [1m[一般] - [澎湃|打虎记]内蒙古一官员挪用农民养老金为妻子买宝马，出逃半年被追回[0m
[2019-07-06 15:33:28,631: DEBUG/ForkPoolWorker-4] [1m[一般] - [界面|宏观]美国6月非农就业超预期，但美联储降息概率仍较大[0m
[2019-07-06 15:33:28,631: DEBUG/ForkPoolWorker-3] [1m[一般] - [澎湃|绿政公署]安徽阜南：近年加大对濛洼湿地保护，现已引来大量候鸟[0m
[2019-07-06 15:33:29,133: DEBUG/ForkPoolWorker-3] [1m[一般] - [界面|宏观]【财经24小时】支付宝将下调小微贷款利率[0m
[2019-07-06 15:33:29,133: DEBUG/ForkPoolWorker-4] [1m[一般] - [澎湃|人事风向]李伯超任湘潭大学校长[0m
[2019-07-06 15:33:29,634: INFO/ForkPoolWorker-3] [34m[蓝色] - [澎湃|舆论场]媒体刊文评警方征集杜少平团伙犯罪线索：扫黑除恶须紧靠人民[0m
[2019-07-06 15:33:29,634: DEBUG/ForkPoolWorker-4] [1m[一般] - [界面|宏观]美国宏观经济、美联储动向与美股下半年涨跌预测[0m
[2019-07-06 15:33:30,135: DEBUG/ForkPoolWorker-4] [1m[一般] - [澎湃|地产界]恒大为造车再花8亿买地，3个月累计买下146万平方米土地[0m
[2019-07-06 15:33:30,135: DEBUG/ForkPoolWorker-3] [1m[一般] - [界面|数据]数据 | 告诉你什么样的Vlog能火[0m
[2019-07-06 15:33:30,637: DEBUG/ForkPoolWorker-4] [1m[一般] - [界面|宏观]【财经数据】财政部首次在澳门发行20亿元人民币国债[0m
[2019-07-06 15:33:30,637: DEBUG/ForkPoolWorker-3] [1m[一般] - [界面|数据]图解 | 车辆购置税增速不断下滑，新税法让买车更便宜[0m
[2019-07-06 15:33:31,139: WARNING/ForkPoolWorker-4] [33m[黄色] - [界面|宏观]今年夏天哪个城市最难找工作？北京一个岗位130多人竞争[0m
[2019-07-06 15:33:31,139: DEBUG/ForkPoolWorker-3] [1m[一般] - [澎湃|中国政库]雅眉乐自铁路规划建设进展：已组建平台公司推进前期工作[0m
[2019-07-06 15:33:31,640: INFO/ForkPoolWorker-4] [34m[蓝色] - [澎湃|财经上下游]北上广等28城调整公积金缴存基数，你每月交多少?[0m
[2019-07-06 15:33:31,640: DEBUG/ForkPoolWorker-3] [1m[一般] - [界面|国是]功勋长存“后卫师”[0m
[2019-07-06 15:33:32,142: ERROR/ForkPoolWorker-4] [36m[橙色] - [澎湃|舆论场]中青报：女性求职就业总被问“生没生娃”，生育歧视几时休[0m
[2019-07-06 15:33:32,142: WARNING/ForkPoolWorker-3] [33m[黄色] - [澎湃|中南海]红船印初心[0m
[2019-07-06 15:33:32,644: DEBUG/ForkPoolWorker-3] [1m[一般] - [澎湃|绿政公署]国家林业和草原局督办海南滥砍盗伐珍稀树种案[0m
[2019-07-06 15:33:32,644: DEBUG/ForkPoolWorker-4] [1m[一般] - [界面|国是]把大伙儿的事放心上（人民满意的公务员）[0m
[2019-07-06 15:33:33,145: WARNING/ForkPoolWorker-4] [33m[黄色] - [澎湃|舆论场]人民日报谈“高空抛物”整治：法律和技术手段都必不可少[0m
[2019-07-06 15:33:33,146: DEBUG/ForkPoolWorker-3] [1m[一般] - [界面|国是]习近平对这个问题连说“重话”[0m
[2019-07-06 15:33:33,647: DEBUG/ForkPoolWorker-4] [1m[一般] - [界面|文娱]视频平台鏖战2019上半场，头部综艺对平台加持作用凸显[0m
[2019-07-06 15:33:33,648: DEBUG/ForkPoolWorker-3] [1m[一般] - [澎湃|打虎记]浙江省委巡视组巡视多所高校，义乌一高校校领导被查[0m
[2019-07-06 15:33:34,149: ERROR/ForkPoolWorker-4] [36m[橙色] - [澎湃|舆论场]央视：醉驾入刑已八年，缘何唤不醒“亡命客”？[0m
[2019-07-06 15:33:34,149: ERROR/ForkPoolWorker-3] [36m[橙色] - [澎湃|打虎记]人民日报政文：监狱腐败频发，与监狱内监督力度薄弱不无关系[0m
[2019-07-06 15:33:34,651: DEBUG/ForkPoolWorker-4] [1m[一般] - [界面|天下]马杜罗：要用对话和谅解化解委国内矛盾，所有人都要退一步[0m
[2019-07-06 15:33:34,651: ERROR/ForkPoolWorker-3] [36m[橙色] - [澎湃|舆论场]点穴大师打败散打冠军？中青报：弘扬武术文化不能只剩表演[0m
[2019-07-06 15:33:35,153: DEBUG/ForkPoolWorker-4] [1m[一般] - [澎湃|中南海]作为百年大党，中国共产党如何实现长期执政？习近平这样说[0m
[2019-07-06 15:33:35,153: DEBUG/ForkPoolWorker-3] [1m[一般] - [界面|国是]习近平会见孟加拉国总理[0m
[2019-07-06 15:33:35,654: DEBUG/ForkPoolWorker-3] [1m[一般] - [界面|数据]图解 | 7大领域进一步放宽外资准入，2019年版外资准入负面清单[0m
[2019-07-06 15:33:35,654: ERROR/ForkPoolWorker-4] [36m[橙色] - [澎湃|绿政公署]昆明10月大男婴打疫苗后身亡，经鉴定为疫苗接种异常反应[0m
[2019-07-06 15:33:36,155: WARNING/ForkPoolWorker-3] [33m[黄色] - [界面|数据]图解 | 郭台铭卸任鸿海董事长，接班人何许人也？[0m
[2019-07-06 15:33:36,155: WARNING/ForkPoolWorker-4] [33m[黄色] - [澎湃|中南海]时政微视频：一项新中国外交纪录这样诞生[0m
[2019-07-06 15:33:36,656: DEBUG/ForkPoolWorker-4] [1m[一般] - [澎湃|打虎记]中纪委机关报：强化监督管理，加大金融领域反腐力度[0m
[2019-07-06 15:33:36,656: DEBUG/ForkPoolWorker-3] [1m[一般] - [澎湃|自贸区连线]人民日报海外版：中国外贸，接下来还会稳[0m
[2019-07-06 15:33:37,157: DEBUG/ForkPoolWorker-3] [1m[一般] - [澎湃|打虎记]河北省残疾人联合会原副理事长李国忠接受纪律审查和监察调查[0m
[2019-07-06 15:33:37,157: DEBUG/ForkPoolWorker-4] [1m[一般] - [界面|中国]“菜篮子”“果盘子”稳稳当当（中国经济纵深谈③）[0m
[2019-07-06 15:33:37,658: DEBUG/ForkPoolWorker-3] [1m[一般] - [界面|宏观]一体化时代来临，谁会是长三角下一个潜力之城？[0m
[2019-07-06 15:33:37,658: DEBUG/ForkPoolWorker-4] [1m[一般] - [界面|数据]图解 | 车辆购置税增速不断下滑，新税法让买车更便宜[0m
[2019-07-06 15:33:38,160: DEBUG/ForkPoolWorker-4] [1m[一般] - [澎湃|私家历史]NBA新科状元Zion译为“锡安”：圣经翻译对中文的影响[0m
[2019-07-06 15:33:38,160: WARNING/ForkPoolWorker-3] [33m[黄色] - [澎湃|绿政公署]昆明10月大男婴打疫苗后身亡，经鉴定为疫苗接种异常反应[0m
[2019-07-06 15:33:38,662: DEBUG/ForkPoolWorker-4] [1m[一般] - [界面|中国]直通部委|老虎机等赌博类游戏设备或被禁 全国77城黑臭水体消除比例低于80%[0m
[2019-07-06 15:33:38,662: WARNING/ForkPoolWorker-3] [33m[黄色] - [澎湃|舆论场]人民日报谈“高空抛物”整治：法律和技术手段都必不可少[0m
[2019-07-06 15:33:39,164: DEBUG/ForkPoolWorker-4] [1m[一般] - [澎湃|金改实验室]银保监会副主席：一季末银行业保险业资管产品余额近44万亿[0m
[2019-07-06 15:33:39,164: WARNING/ForkPoolWorker-3] [33m[黄色] - [界面|天下]英国扣押油轮激怒伊朗，北约军队掺和下核协议还有得救吗？[0m
[2019-07-06 15:33:39,666: DEBUG/ForkPoolWorker-4] [1m[一般] - [界面|宏观]【财经数据】全国机动车保有量3.4亿辆，汽车2.5亿辆[0m
[2019-07-06 15:33:39,666: DEBUG/ForkPoolWorker-3] [1m[一般] - [界面|中国]直通部委|老虎机等赌博类游戏设备或被禁 全国77城黑臭水体消除比例低于80%[0m
[2019-07-06 15:33:40,168: WARNING/ForkPoolWorker-4] [33m[黄色] - [界面|数据]图解 | 郭台铭卸任鸿海董事长，接班人何许人也？[0m
[2019-07-06 15:33:40,168: DEBUG/ForkPoolWorker-3] [1m[一般] - [澎湃|舆论场]媒体：呼吁遛狗拴绳立法，不管好狗就“设法”管好狗主人[0m
[2019-07-06 15:33:40,670: DEBUG/ForkPoolWorker-4] [1m[一般] - [界面|宏观]【财经24小时】社区养老、托育、家政服务收入免征增值税[0m
[2019-07-06 15:33:40,670: DEBUG/ForkPoolWorker-3] [1m[一般] - [澎湃|中国政库]山东发布“属地管理”清单指导目录，明确县乡职责分工[0m
[2019-07-06 15:33:41,172: DEBUG/ForkPoolWorker-4] [1m[一般] - [澎湃|打虎记]浙江省委巡视组巡视多所高校，义乌一高校校领导被查[0m
[2019-07-06 15:33:41,172: DEBUG/ForkPoolWorker-3] [1m[一般] - [澎湃|人事风向]安徽副省长、阜阳市委书记杨光荣分工调整：主要精力在阜阳[0m
[2019-07-06 15:33:41,673: INFO/ForkPoolWorker-4] [34m[蓝色] - [界面|数据]数据 | 你抑郁了么？中国每100人至少抑郁3个[0m
[2019-07-06 15:33:41,673: INFO/ForkPoolWorker-3] [34m[蓝色] - [澎湃|澎湃国际]韩国民众在日本大使馆前抗议半导体出口禁令，吁路人抵制日货[0m
[2019-07-06 15:33:42,175: DEBUG/ForkPoolWorker-3] [1m[一般] - [界面|国是]最后的湘江抢渡：用生命向信仰交出答卷[0m
[2019-07-06 15:33:42,175: ERROR/ForkPoolWorker-4] [36m[橙色] - [澎湃|中南海]建设清洁美丽世界，习近平这些话字字珠玑[0m
[2019-07-06 15:33:42,676: DEBUG/ForkPoolWorker-4] [1m[一般] - [澎湃|人事风向]甘肃陇南、庆阳两地市委副书记拟赴国有企业任职[0m
[2019-07-06 15:33:42,676: DEBUG/ForkPoolWorker-3] [1m[一般] - [澎湃|澎湃研究所]全球城市观察 | 欧洲十城要求欧盟立法以限制Airbnb[0m
[2019-07-06 15:33:43,177: CRITICAL/ForkPoolWorker-4] [31m[红色] - [界面|数据]数据 | “618”大战正酣，格力PK奥克斯谁更强？[0m
[2019-07-06 15:33:43,177: DEBUG/ForkPoolWorker-3] [1m[一般] - [界面|天下]【天下头条】伊朗称要扣押英国船只以示报复 美国6月就业增长强劲但美股收低[0m
[2019-07-06 15:33:43,679: DEBUG/ForkPoolWorker-3] [1m[一般] - [澎湃|打虎记]乌兰察布原副市长严洪波案昨日一审开庭，当庭认罪悔罪[0m
[2019-07-06 15:33:43,679: INFO/ForkPoolWorker-4] [34m[蓝色] - [澎湃|舆论场]媒体刊文评警方征集杜少平团伙犯罪线索：扫黑除恶须紧靠人民[0m
[2019-07-06 15:33:44,182: INFO/ForkPoolWorker-4] [34m[蓝色] - [澎湃|中国政库]利用退休教师资源：湖北招募2百名退休教师赴精准扶贫县任教[0m
[2019-07-06 15:33:44,182: DEBUG/ForkPoolWorker-3] [1m[一般] - [界面|天下]苏丹过渡军委会与反对派达成协议，军人文官轮流领导最高权力机构[0m
[2019-07-06 15:33:44,684: DEBUG/ForkPoolWorker-4] [1m[一般] - [澎湃|绿政公署]7日至15日多地有强降雨，国家防总部署新一轮洪灾防范工作[0m
[2019-07-06 15:33:44,684: DEBUG/ForkPoolWorker-3] [1m[一般] - [澎湃|中国政库]北京市8年共整治地下空间785万平方米[0m
[2019-07-06 15:33:45,186: DEBUG/ForkPoolWorker-3] [1m[一般] - [界面|中国]水利部：预计长江中下游、辽河等流域将发生区域性较大洪水[0m
[2019-07-06 15:33:45,186: WARNING/ForkPoolWorker-4] [33m[黄色] - [澎湃|社论]【社论】上边减税降费下边乱收费？露头就打！[0m
[2019-07-06 15:33:45,687: DEBUG/ForkPoolWorker-3] [1m[一般] - [界面|体育]三因素解读财政公平法案为何找曼城麻烦？ 新赛季无欧冠禁令危机[0m
[2019-07-06 15:33:45,687: DEBUG/ForkPoolWorker-4] [1m[一般] - [界面|国是]从初心到活力 中国基层几件事[0m
[2019-07-06 15:33:46,189: DEBUG/ForkPoolWorker-4] [1m[一般] - [澎湃|打虎记]四川省体育局副局长季涛接受纪律审查和监察调查 [0m
[2019-07-06 15:33:46,189: DEBUG/ForkPoolWorker-3] [1m[一般] - [界面|天下]索马里宣布与几内亚断交，为什么？[0m
[2019-07-06 15:33:46,691: DEBUG/ForkPoolWorker-4] [1m[一般] - [澎湃|中国政库]雅眉乐自铁路规划建设进展：已组建平台公司推进前期工作[0m
[2019-07-06 15:33:46,691: DEBUG/ForkPoolWorker-3] [1m[一般] - [澎湃|中国政库]川藏铁路雅安至林芝段进展：目前开展征地拆迁调查等前期工作[0m
[2019-07-06 15:33:47,192: DEBUG/ForkPoolWorker-4] [1m[一般] - [澎湃|私家地理]在考纳斯，享受立陶宛的“故都的秋”[0m
[2019-07-06 15:33:47,192: DEBUG/ForkPoolWorker-3] [1m[一般] - [澎湃|地产界]恒大为造车再花8亿买地，3个月累计买下146万平方米土地[0m
[2019-07-06 15:33:47,695: DEBUG/ForkPoolWorker-3] [1m[一般] - [澎湃|中南海]一个月内多次出访，习近平引用了这些诗词典故[0m
[2019-07-06 15:33:47,695: WARNING/ForkPoolWorker-4] [33m[黄色] - [澎湃|中南海]红船印初心[0m
[2019-07-06 15:33:48,197: INFO/ForkPoolWorker-4] [34m[蓝色] - [澎湃|澎湃国际]韩国民众在日本大使馆前抗议半导体出口禁令，吁路人抵制日货[0m
[2019-07-06 15:33:48,197: INFO/ForkPoolWorker-3] [34m[蓝色] - [澎湃|澎湃国际]为防范恐怖分子隐藏身份，突尼斯禁止在公共机构穿戴蒙面面纱[0m
[2019-07-06 15:33:48,698: DEBUG/ForkPoolWorker-4] [1m[一般] - [界面|天下]朝鲜近年来成立多家保险公司，现在他们开始面向外商营销[0m
[2019-07-06 15:33:48,698: ERROR/ForkPoolWorker-3] [36m[橙色] - [澎湃|中国政库]国家信访局：着力推进让群众“最多访一次”[0m
[2019-07-06 15:33:49,199: DEBUG/ForkPoolWorker-4] [1m[一般] - [澎湃|翻书党]《闽诗传统的生成》：地域文学研究的新探索[0m
[2019-07-06 15:33:49,199: ERROR/ForkPoolWorker-3] [36m[橙色] - [界面|数据]数据 | 消费行不行？看看“618战绩”就知道了[0m
[2019-07-06 15:33:49,701: INFO/ForkPoolWorker-3] [34m[蓝色] - [澎湃|舆论场]人民日报：教育不可能一蹴而就，家长不必拔苗助长[0m
[2019-07-06 15:33:49,701: DEBUG/ForkPoolWorker-4] [1m[一般] - [界面|数据]数据 | 上半年发改委批复基建项目超2700亿，机场项目最多[0m
[2019-07-06 15:33:50,202: DEBUG/ForkPoolWorker-4] [1m[一般] - [澎湃|中南海]G20峰会前一天，习近平这两场会见释放丰富信息[0m
[2019-07-06 15:33:50,202: ERROR/ForkPoolWorker-3] [36m[橙色] - [澎湃|中南海]从一件普通农具读懂习近平的为民初心[0m
[2019-07-06 15:33:50,704: INFO/ForkPoolWorker-3] [34m[蓝色] - [澎湃|异次元]腾讯视频公布47个国漫新项目，《默读》将动画化[0m
[2019-07-06 15:33:50,704: DEBUG/ForkPoolWorker-4] [1m[一般] - [界面|国是]功勋长存“后卫师”[0m
[2019-07-06 15:33:51,206: INFO/ForkPoolWorker-3] [34m[蓝色] - [澎湃|澎湃研究所]“自行发帖”的微博与被套路的网络世界[0m
[2019-07-06 15:33:51,206: DEBUG/ForkPoolWorker-4] [1m[一般] - [界面|国是]铁路初心（一）：红色基因[0m
[2019-07-06 15:33:51,708: INFO/ForkPoolWorker-3] [34m[蓝色] - [澎湃|打虎记]马鞍山市住房和城乡建设局局长马作兵接受纪律审查和监察调查[0m
[2019-07-06 15:33:51,708: DEBUG/ForkPoolWorker-4] [1m[一般] - [澎湃|中南海]一个月内多次出访，习近平引用了这些诗词典故[0m
[2019-07-06 15:33:52,209: DEBUG/ForkPoolWorker-4] [1m[一般] - [界面|数据]数据 | 告诉你什么样的Vlog能火[0m
[2019-07-06 15:33:52,209: INFO/ForkPoolWorker-3] [34m[蓝色] - [澎湃|中南海]时政微视频丨脱贫路上的初心[0m
[2019-07-06 15:33:52,711: DEBUG/ForkPoolWorker-4] [1m[一般] - [界面|国是]没有红军逾越不了的山河[0m
[2019-07-06 15:33:52,711: ERROR/ForkPoolWorker-3] [36m[橙色] - [澎湃|中国政库]亚洲首位！南京大学沈树忠院士获国际地层学最高金奖[0m
[2019-07-06 15:33:53,213: DEBUG/ForkPoolWorker-4] [1m[一般] - [澎湃|汽车圈]上汽集团总裁换任倒计时：王晓秋接棒陈志鑫进入公示阶段[0m
[2019-07-06 15:33:53,213: DEBUG/ForkPoolWorker-3] [1m[一般] - [澎湃|上海书评]周松芳︱陈寅恪的波士顿醉香楼龙虾及其他[0m
[2019-07-06 15:33:53,715: DEBUG/ForkPoolWorker-4] [1m[一般] - [界面|时尚]不动刀不注射就能瘦脸的日式小颜整骨，是最新的智商税吗？[0m
[2019-07-06 15:33:53,715: DEBUG/ForkPoolWorker-3] [1m[一般] - [澎湃|金改实验室]《人民币国际化报告2019》发布：强势反弹[0m
[2019-07-06 15:33:54,217: DEBUG/ForkPoolWorker-4] [1m[一般] - [界面|数据]图解 | 新中国成立后第九次特赦[0m
[2019-07-06 15:33:54,217: DEBUG/ForkPoolWorker-3] [1m[一般] - [界面|天下]韩国政府完成“慰安妇”基金会注销手续，日方抗议：食言[0m
[2019-07-06 15:33:54,727: DEBUG/ForkPoolWorker-3] [1m[一般] - [界面|宏观]达沃斯论坛掌舵人：今年最成功的之处在于，中国与世界增强了互信[0m
[2019-07-06 15:33:54,727: INFO/ForkPoolWorker-4] [34m[蓝色] - [澎湃|中国政库]北京房屋租赁行业毕业租房季倡议：稳定租金，规范租金贷[0m
[2019-07-06 15:33:55,229: WARNING/ForkPoolWorker-3] [33m[黄色] - [澎湃|舆论场]人工智能软件​“一键脱衣”？媒体：技术与道德不该如此对立[0m
[2019-07-06 15:33:55,229: INFO/ForkPoolWorker-4] [34m[蓝色] - [澎湃|舆论场]乐山大佛被传修成“小鲜肉”，人们紧张是因为太多修复性破坏[0m
[2019-07-06 15:33:55,731: DEBUG/ForkPoolWorker-4] [1m[一般] - [界面|中国]告别谁弱谁有理，多地整治行人、非机动车交通违法行为[0m
[2019-07-06 15:33:55,731: DEBUG/ForkPoolWorker-3] [1m[一般] - [澎湃|打虎记]北京市公安局大兴分局交通支队支队长王爱民接受审查调查[0m
[2019-07-06 15:33:56,233: DEBUG/ForkPoolWorker-4] [1m[一般] - [界面|宏观]京津冀一体化爬坡过坎：“飞地模式”成重要抓手[0m
[2019-07-06 15:33:56,233: DEBUG/ForkPoolWorker-3] [1m[一般] - [界面|中国]央视评永城女司机醉驾致2死4伤：醉驾入刑八年缘何唤不醒“亡命客”？[0m
[2019-07-06 15:33:56,735: INFO/ForkPoolWorker-3] [34m[蓝色] - [澎湃|人事风向]安徽池州一干部因工作需要拟破格提拔，基层工作经历不足两年[0m
[2019-07-06 15:33:56,735: DEBUG/ForkPoolWorker-4] [1m[一般] - [界面|中国]良渚古城“申遗”成功，中国世界遗产总数达55处位居世界第一[0m
[2019-07-06 15:33:57,237: DEBUG/ForkPoolWorker-3] [1m[一般] - [澎湃|人事风向]八一勋章获得者印春荣任国家移民管理局机关党委专职副书记[0m
[2019-07-06 15:33:57,237: DEBUG/ForkPoolWorker-4] [1m[一般] - [界面|体育]体坛又曝腐败丑闻：里约前州长承认行贿200万美元确保奥运会举办权[0m
[2019-07-06 15:33:57,738: DEBUG/ForkPoolWorker-3] [1m[一般] - [界面|宏观]【财经24小时】社区养老、托育、家政服务收入免征增值税[0m
[2019-07-06 15:33:57,738: DEBUG/ForkPoolWorker-4] [1m[一般] - [澎湃|运动家]格里兹曼和马竞决裂，他的“好好先生”人设彻底崩了[0m
[2019-07-06 15:33:58,240: DEBUG/ForkPoolWorker-3] [1m[一般] - [澎湃|人事风向]甘肃陇南、庆阳两地市委副书记拟赴国有企业任职[0m
[2019-07-06 15:33:58,240: DEBUG/ForkPoolWorker-4] [1m[一般] - [澎湃|舆论场]媒体谈偷拍事件：技术监管不到位，面临具体处罚该有法可依[0m
[2019-07-06 15:33:58,741: INFO/ForkPoolWorker-3] [34m[蓝色] - [澎湃|舆论场]乐山大佛被传修成“小鲜肉”，人们紧张是因为太多修复性破坏[0m
[2019-07-06 15:33:58,741: DEBUG/ForkPoolWorker-4] [1m[一般] - [澎湃|中国政库]中国专业学位教育主要奠基人印邦炎逝世，享年91岁[0m
[2019-07-06 15:33:59,243: DEBUG/ForkPoolWorker-4] [1m[一般] - [界面|天下]美国加州再遇强震多场NBA赛事中断，未来一周可能还有7级地震[0m
[2019-07-06 15:33:59,243: DEBUG/ForkPoolWorker-3] [1m[一般] - [界面|宏观]美国6月非农就业超预期，但美联储降息概率仍较大[0m
[2019-07-06 15:33:59,745: DEBUG/ForkPoolWorker-4] [1m[一般] - [界面|数据]图解 | 7大领域进一步放宽外资准入，2019年版外资准入负面清单[0m
[2019-07-06 15:33:59,745: DEBUG/ForkPoolWorker-3] [1m[一般] - [澎湃|人事风向]贵州省委副秘书长石邦林任遵义市政协党组书记，提名主席人选[0m
[2019-07-06 15:34:00,247: DEBUG/ForkPoolWorker-3] [1m[一般] - [澎湃|中国政库]102名外国政府官员今天从这所中国大学结业[0m
[2019-07-06 15:34:00,247: DEBUG/ForkPoolWorker-4] [1m[一般] - [澎湃|绿政公署]安徽阜南：近年加大对濛洼湿地保护，现已引来大量候鸟[0m
[2019-07-06 15:34:00,748: DEBUG/ForkPoolWorker-3] [1m[一般] - [界面|中国]地方新闻精选|深圳拟规定出租人不得单方面提高租金 广州高空抛物或赔到倾家荡产[0m
[2019-07-06 15:34:00,748: INFO/ForkPoolWorker-4] [34m[蓝色] - [澎湃|舆论场]人民日报：教育不可能一蹴而就，家长不必拔苗助长[0m
[2019-07-06 15:34:01,249: DEBUG/ForkPoolWorker-3] [1m[一般] - [澎湃|打虎记]充当黑恶势力保护伞，湖北自然资源厅原党组成员王保平被双开[0m
[2019-07-06 15:34:01,249: DEBUG/ForkPoolWorker-4] [1m[一般] - [界面|体育]三因素解读财政公平法案为何找曼城麻烦？ 新赛季无欧冠禁令危机[0m
[2019-07-06 15:34:01,750: ERROR/ForkPoolWorker-3] [36m[橙色] - [澎湃|古代艺术]良渚遗址成为新的世界遗产，“中华第一城”确证五千年文明史[0m
[2019-07-06 15:34:01,750: INFO/ForkPoolWorker-4] [34m[蓝色] - [澎湃|澎湃研究所]“自行发帖”的微博与被套路的网络世界[0m
[2019-07-06 15:34:02,252: DEBUG/ForkPoolWorker-4] [1m[一般] - [界面|国是]结合实际注重实效，聚焦主业忠诚履职[0m
[2019-07-06 15:34:02,252: WARNING/ForkPoolWorker-3] [33m[黄色] - [澎湃|打虎记]张家口万全区委副书记、区长张志友接受审查调查[0m
[2019-07-06 15:34:02,754: INFO/ForkPoolWorker-3] [34m[蓝色] - [澎湃|牛市点线面]银河证券紧急问责“弃购”事件，对自营投资负责人党内警告[0m
[2019-07-06 15:34:02,754: DEBUG/ForkPoolWorker-4] [1m[一般] - [澎湃|中南海]这个6月不寻常！习近平四赴海外，写就中国外交新华章[0m
[2019-07-06 15:34:03,256: DEBUG/ForkPoolWorker-3] [1m[一般] - [界面|国是]经历艰辛 走向胜利[0m
[2019-07-06 15:34:03,256: DEBUG/ForkPoolWorker-4] [1m[一般] - [澎湃|古代艺术]良渚遗址成为新的世界遗产，“中华第一城”确证五千年文明史[0m
[2019-07-06 15:34:03,758: DEBUG/ForkPoolWorker-3] [1m[一般] - [澎湃|浦江头条]北大、清华在沪录取分数线公布[0m
[2019-07-06 15:34:03,758: ERROR/ForkPoolWorker-4] [36m[橙色] - [界面|数据]数据 | 消费行不行？看看“618战绩”就知道了[0m
[2019-07-06 15:34:04,259: DEBUG/ForkPoolWorker-3] [1m[一般] - [澎湃|身体]驱蚊方式更新迭代，哪些是坑？哪些可行？[0m
[2019-07-06 15:34:04,259: ERROR/ForkPoolWorker-4] [36m[橙色] - [界面|体育]支付宝10年10亿支持中国女足，放弃所有商业权益[0m
[2019-07-06 15:34:04,760: DEBUG/ForkPoolWorker-3] [1m[一般] - [澎湃|古代艺术]良渚申遗亲历者手记：伟哉良渚——写在良渚成为世界遗产之际[0m
[2019-07-06 15:34:04,760: DEBUG/ForkPoolWorker-4] [1m[一般] - [澎湃|私家地理]漫步小铁路：探访湖南不为人知的窄轨（下）[0m
[2019-07-06 15:34:05,261: ERROR/ForkPoolWorker-3] [36m[橙色] - [界面|中国]【特写】深圳最大城中村“白石洲”清租困局：被断档的学位[0m
[2019-07-06 15:34:05,261: DEBUG/ForkPoolWorker-4] [1m[一般] - [澎湃|人事风向]安徽副省长、阜阳市委书记杨光荣分工调整：主要精力在阜阳[0m
[2019-07-06 15:34:05,762: DEBUG/ForkPoolWorker-3] [1m[一般] - [界面|数据]数据 | 小龙虾价格涨不动了，来个大份[0m
[2019-07-06 15:34:05,762: DEBUG/ForkPoolWorker-4] [1m[一般] - [界面|数据]数据 | 民营医院数量占比超六成背后：诊疗人次不到两成[0m
[2019-07-06 15:34:06,264: DEBUG/ForkPoolWorker-3] [1m[一般] - [澎湃|非常品]从塑料到包包和时装，让时尚更环保[0m
[2019-07-06 15:34:06,264: DEBUG/ForkPoolWorker-4] [1m[一般] - [澎湃|牛市点线面]支持券商流动性新政六大看点：投保基金可救助，救急不救穷[0m
[2019-07-06 15:34:06,765: INFO/ForkPoolWorker-3] [34m[蓝色] - [澎湃|舆论场]新华社：部分乡村干部权力任性，怎么破[0m
[2019-07-06 15:34:06,765: DEBUG/ForkPoolWorker-4] [1m[一般] - [界面|中国]大数据填报志愿乱象：花数百元看不到“数据”，被骗后投诉无门[0m
[2019-07-06 15:34:07,267: DEBUG/ForkPoolWorker-3] [1m[一般] - [界面|国是]没有红军逾越不了的山河[0m
[2019-07-06 15:34:07,267: DEBUG/ForkPoolWorker-4] [1m[一般] - [澎湃|人事风向]深圳教育局长张基宏兼任深圳技术大学党委书记，阮双琛任校长[0m
[2019-07-06 15:34:07,769: DEBUG/ForkPoolWorker-3] [1m[一般] - [界面|中国]“菜篮子”“果盘子”稳稳当当（中国经济纵深谈③）[0m
[2019-07-06 15:34:07,769: DEBUG/ForkPoolWorker-4] [1m[一般] - [界面|宏观]达沃斯论坛掌舵人：今年最成功的之处在于，中国与世界增强了互信[0m
[2019-07-06 15:34:08,270: DEBUG/ForkPoolWorker-3] [1m[一般] - [界面|中国]告别谁弱谁有理，多地整治行人、非机动车交通违法行为[0m
[2019-07-06 15:34:08,270: WARNING/ForkPoolWorker-4] [33m[黄色] - [澎湃|牛市点线面]首例：银河证券因科创板打新弃购被列限制名单，称是操作事故[0m
[2019-07-06 15:34:08,772: DEBUG/ForkPoolWorker-3] [1m[一般] - [澎湃|艺术评论]一周观展指南｜巴黎展“贾科梅蒂与裸体”，东京观三国与考古[0m
[2019-07-06 15:34:08,772: INFO/ForkPoolWorker-4] [34m[蓝色] - [澎湃|中南海]中国强音！习近平：中国有信心走好自己的路、办好自己的事[0m
[2019-07-06 15:34:09,273: ERROR/ForkPoolWorker-3] [36m[橙色] - [澎湃|中南海]【绘心绘语】值得收藏！习主席这些令人回味的G20金句[0m
[2019-07-06 15:34:09,274: INFO/ForkPoolWorker-4] [34m[蓝色] - [澎湃|异次元]腾讯视频公布47个国漫新项目，《默读》将动画化[0m
[2019-07-06 15:34:09,775: DEBUG/ForkPoolWorker-3] [1m[一般] - [澎湃|中国政库]中国专业学位教育主要奠基人印邦炎逝世，享年91岁[0m
[2019-07-06 15:34:09,775: DEBUG/ForkPoolWorker-4] [1m[一般] - [澎湃|金改实验室]《人民币国际化报告2019》发布：强势反弹[0m
[2019-07-06 15:34:10,277: DEBUG/ForkPoolWorker-3] [1m[一般] - [澎湃|10%公司]联通董事胡晓明、熊晓鸽辞职，提名阿里首席技术官为董事[0m
[2019-07-06 15:34:10,277: DEBUG/ForkPoolWorker-4] [1m[一般] - [界面|国是]为加强党的全面领导提供有力制度保障[0m
[2019-07-06 15:34:10,779: DEBUG/ForkPoolWorker-4] [1m[一般] - [澎湃|打虎记]充当黑恶势力保护伞，湖北自然资源厅原党组成员王保平被双开[0m
[2019-07-06 15:34:10,779: DEBUG/ForkPoolWorker-3] [1m[一般] - [澎湃|思想市场]游戏论·批评的向度丨从叙事批评到算学批评的范式转移[0m
[2019-07-06 15:34:11,281: DEBUG/ForkPoolWorker-3] [1m[一般] - [澎湃|人事风向]深圳教育局长张基宏兼任深圳技术大学党委书记，阮双琛任校长[0m
[2019-07-06 15:34:11,281: DEBUG/ForkPoolWorker-4] [1m[一般] - [界面|国是]深化党和国家机构改革，习近平明确下一步任务和方向[0m
[2019-07-06 15:34:11,782: DEBUG/ForkPoolWorker-3] [1m[一般] - [界面|数据]图解 | 腾讯、阿里激战新零售，家乐福难站队[0m
[2019-07-06 15:34:11,782: DEBUG/ForkPoolWorker-4] [1m[一般] - [界面|宏观]一体化时代来临，谁会是长三角下一个潜力之城？[0m
[2019-07-06 15:34:12,283: ERROR/ForkPoolWorker-3] [36m[橙色] - [澎湃|舆论场]央视：醉驾入刑已八年，缘何唤不醒“亡命客”？[0m
[2019-07-06 15:34:12,283: DEBUG/ForkPoolWorker-4] [1m[一般] - [界面|宏观]报告：2018年人民币国际化再进一步，短暂成为第三大国际货币[0m
[2019-07-06 15:34:12,785: DEBUG/ForkPoolWorker-4] [1m[一般] - [澎湃|人事风向]高校人才跨省流动：河北农大农学院院长陈景堂拟赴任青岛农大[0m
[2019-07-06 15:34:12,785: DEBUG/ForkPoolWorker-3] [1m[一般] - [澎湃|古代艺术]良渚古城遗址申遗：历经83年考古，揭开良渚神秘面纱[0m
[2019-07-06 15:34:13,287: ERROR/ForkPoolWorker-4] [36m[橙色] - [澎湃|打虎记]人民日报政文：监狱腐败频发，与监狱内监督力度薄弱不无关系[0m
[2019-07-06 15:34:13,287: WARNING/ForkPoolWorker-3] [33m[黄色] - [澎湃|10%公司]康得新4年虚增利润119亿，证监会拟顶格处罚：或强制退市[0m
[2019-07-06 15:34:13,789: DEBUG/ForkPoolWorker-4] [1m[一般] - [界面|天下]苏丹过渡军委会与反对派达成协议，军人文官轮流领导最高权力机构[0m
[2019-07-06 15:34:13,789: DEBUG/ForkPoolWorker-3] [1m[一般] - [澎湃|牛市点线面]支持券商流动性新政六大看点：投保基金可救助，救急不救穷[0m
[2019-07-06 15:34:14,290: DEBUG/ForkPoolWorker-4] [1m[一般] - [澎湃|文化课]专访丨陈晓卿 ：美食是人类的刚需[0m
[2019-07-06 15:34:14,290: DEBUG/ForkPoolWorker-3] [1m[一般] - [界面|国是]用理论之光照亮中华民族复兴之路[0m
[2019-07-06 15:34:14,791: DEBUG/ForkPoolWorker-4] [1m[一般] - [澎湃|中国政库]今年6月全国受理网络违法和不良信息举报1170万件[0m
[2019-07-06 15:34:14,791: DEBUG/ForkPoolWorker-3] [1m[一般] - [界面|宏观]李克强：中国将提前一年取消金融业外资持股比例限制[0m
[2019-07-06 15:34:15,293: DEBUG/ForkPoolWorker-3] [1m[一般] - [界面|体育]体坛又曝腐败丑闻：里约前州长承认行贿200万美元确保奥运会举办权[0m
[2019-07-06 15:34:15,293: DEBUG/ForkPoolWorker-4] [1m[一般] - [澎湃|金改实验室]少见！这家农商行拟定增1亿元，同时1：1搭售不良资产[0m
[2019-07-06 15:34:15,795: DEBUG/ForkPoolWorker-3] [1m[一般] - [澎湃|文化课]专访丨陈晓卿 ：美食是人类的刚需[0m
[2019-07-06 15:34:15,795: DEBUG/ForkPoolWorker-4] [1m[一般] - [界面|国是]【深一度】五问非洲猪瘟，你所关切的答案都在这里[0m
[2019-07-06 15:34:16,297: ERROR/ForkPoolWorker-3] [36m[橙色] - [澎湃|艺术评论]中国又一新的世界遗产，为什么会是“黄渤海候鸟栖息地”[0m
[2019-07-06 15:34:16,297: DEBUG/ForkPoolWorker-4] [1m[一般] - [界面|数据]图解 | 腾讯、阿里激战新零售，家乐福难站队[0m
[2019-07-06 15:34:16,800: DEBUG/ForkPoolWorker-4] [1m[一般] - [界面|文娱]环球影业未来能和迪士尼掰手腕吗？[0m
[2019-07-06 15:34:16,800: DEBUG/ForkPoolWorker-3] [1m[一般] - [澎湃|人事风向]东华大学原校长蒋昌俊调任同济大学正局级副校长[0m
[2019-07-06 15:34:17,301: DEBUG/ForkPoolWorker-4] [1m[一般] - [界面|中国]部分地方“分红式扶贫”跑偏：懒汉啥也不干分红上千元[0m
[2019-07-06 15:34:17,301: DEBUG/ForkPoolWorker-3] [1m[一般] - [澎湃|市政厅]少女小雨的同人文世界｜埃瑞璜⑤[0m
[2019-07-06 15:34:17,802: DEBUG/ForkPoolWorker-4] [1m[一般] - [界面|天下]韩国政府完成“慰安妇”基金会注销手续，日方抗议：食言[0m
[2019-07-06 15:34:17,802: DEBUG/ForkPoolWorker-3] [1m[一般] - [界面|时尚]Cerruti 1881创意总监离职，标志着其资方如意集团正发力男装[0m
[2019-07-06 15:34:18,304: DEBUG/ForkPoolWorker-4] [1m[一般] - [澎湃|澎湃研究所]全球城市观察 | 欧洲十城要求欧盟立法以限制Airbnb[0m
[2019-07-06 15:34:18,304: DEBUG/ForkPoolWorker-3] [1m[一般] - [界面|国是]忆峥嵘岁月！这些文物背后的故事令人落泪[0m
[2019-07-06 15:34:18,806: WARNING/ForkPoolWorker-4] [33m[黄色] - [澎湃|运动家]与帕金森战斗12年！26岁小伙从拄拐少年变身肌肉小哥[0m
[2019-07-06 15:34:18,806: DEBUG/ForkPoolWorker-3] [1m[一般] - [界面|天下]【天下奇闻】佳士得4000万拍卖法老雕像惹怒埃及 日本刚推手机支付顾客就被盗刷[0m
[2019-07-06 15:34:19,308: DEBUG/ForkPoolWorker-4] [1m[一般] - [界面|天下]【天下奇闻】美国男子欲性侵9岁女童获刑30年 法国正式通过“禁打屁股法”[0m
[2019-07-06 15:34:19,308: DEBUG/ForkPoolWorker-3] [1m[一般] - [界面|国是]结合实际注重实效，聚焦主业忠诚履职[0m
[2019-07-06 15:34:19,810: DEBUG/ForkPoolWorker-3] [1m[一般] - [界面|天下]马杜罗：要用对话和谅解化解委国内矛盾，所有人都要退一步[0m
[2019-07-06 15:34:19,810: DEBUG/ForkPoolWorker-4] [1m[一般] - [界面|天下]日本参院选举各党党首展开舌战，女性参选比例创新高[0m
[2019-07-06 15:34:20,312: DEBUG/ForkPoolWorker-4] [1m[一般] - [界面|中国]洛阳农科院原院长被双开：对育种失误造成国家经济损失负责[0m
[2019-07-06 15:34:20,312: INFO/ForkPoolWorker-3] [34m[蓝色] - [界面|数据]数据 | 家乐福的中国“溃败”[0m
[2019-07-06 15:34:20,814: DEBUG/ForkPoolWorker-3] [1m[一般] - [澎湃|人事风向]“双一流”建设高校湖南师范大学书记、校长同步调整[0m
[2019-07-06 15:34:20,814: DEBUG/ForkPoolWorker-4] [1m[一般] - [澎湃|亲子学堂]建平远翔校长于基泰寄语毕业生:向前冲时，记得回头看一看[0m
[2019-07-06 15:34:21,316: DEBUG/ForkPoolWorker-3] [1m[一般] - [澎湃|有戏]《流淌的美好时光》：美好只能靠“滤镜”了[0m
[2019-07-06 15:34:21,316: DEBUG/ForkPoolWorker-4] [1m[一般] - [界面|天下]朝鲜释放29岁澳大利亚留学生，澳总理称感谢瑞典帮忙[0m
[2019-07-06 15:34:21,818: DEBUG/ForkPoolWorker-3] [1m[一般] - [界面|中国]洛阳农科院原院长被双开：对育种失误造成国家经济损失负责[0m
[2019-07-06 15:34:21,818: DEBUG/ForkPoolWorker-4] [1m[一般] - [界面|天下]伊核协议彻底作废？鲁哈尼施压欧洲：周日突破浓缩铀丰度限制[0m
[2019-07-06 15:34:22,320: DEBUG/ForkPoolWorker-4] [1m[一般] - [澎湃|人事风向]洪亮任外交部边界与海洋事务司司长，曾任中国驻缅甸大使[0m
[2019-07-06 15:34:22,320: DEBUG/ForkPoolWorker-3] [1m[一般] - [澎湃|私家地理]在考纳斯，享受立陶宛的“故都的秋”[0m
[2019-07-06 15:34:22,821: WARNING/ForkPoolWorker-3] [33m[黄色] - [界面|时尚]被骂“山寨”这么久，Supreme Italia最近终于开口回应了[0m
[2019-07-06 15:34:22,821: DEBUG/ForkPoolWorker-4] [1m[一般] - [界面|中国]两部委发文扩大高职院校奖助学金覆盖面，设立中职教育国家奖学金[0m
[2019-07-06 15:34:23,323: DEBUG/ForkPoolWorker-3] [1m[一般] - [界面|天下]朝鲜释放29岁澳大利亚留学生，澳总理称感谢瑞典帮忙[0m
[2019-07-06 15:34:23,323: DEBUG/ForkPoolWorker-4] [1m[一般] - [澎湃|浦江头条]北大、清华在沪录取分数线公布[0m
[2019-07-06 15:34:23,824: DEBUG/ForkPoolWorker-3] [1m[一般] - [澎湃|运动家]格里兹曼和马竞决裂，他的“好好先生”人设彻底崩了[0m
[2019-07-06 15:34:23,824: DEBUG/ForkPoolWorker-4] [1m[一般] - [澎湃|自贸区连线]人民日报海外版：中国外贸，接下来还会稳[0m
[2019-07-06 15:34:24,325: DEBUG/ForkPoolWorker-3] [1m[一般] - [澎湃|翻书党]敦煌学家项楚八秩寿庆，《项楚学术文集》由中华书局出版[0m
[2019-07-06 15:34:24,325: DEBUG/ForkPoolWorker-4] [1m[一般] - [界面|数据]数据 | 小龙虾价格涨不动了，来个大份[0m
[2019-07-06 15:34:24,834: DEBUG/ForkPoolWorker-4] [1m[一般] - [界面|文娱]《狮子王》《爱宠2》等进口片夹击，国产动画能否突围？[0m
[2019-07-06 15:34:24,835: ERROR/ForkPoolWorker-3] [36m[橙色] - [澎湃|中国政库]深化党和国家机构改革总结会议召开，习近平发表重要讲话[0m
[2019-07-06 15:34:25,336: INFO/ForkPoolWorker-4] [34m[蓝色] - [澎湃|舆论场]媒体刊文评针孔摄像头在电商平台热卖：遏制偷拍需从源头管控[0m
[2019-07-06 15:34:25,336: CRITICAL/ForkPoolWorker-3] [31m[红色] - [澎湃|直击现场]深圳“玻璃窗砸死男童”事件发生后，该小区又有4起高空坠物[0m
[2019-07-06 15:34:25,838: ERROR/ForkPoolWorker-4] [36m[橙色] - [澎湃|中国政库]国家信访局：着力推进让群众“最多访一次”[0m
[2019-07-06 15:34:25,838: DEBUG/ForkPoolWorker-3] [1m[一般] - [澎湃|运动家]二队出马也能击败强敌意大利，这就是中国女排的“深度”[0m
[2019-07-06 15:34:26,340: DEBUG/ForkPoolWorker-3] [1m[一般] - [界面|体育]耐克重注女足世界杯获回报，美国主场球衣创季度销量纪录[0m
[2019-07-06 15:34:26,340: DEBUG/ForkPoolWorker-4] [1m[一般] - [界面|宏观]尼日利亚确认加入世界最大自贸区，非洲大陆贸易一体化还有哪些障碍？[0m
[2019-07-06 15:34:26,842: DEBUG/ForkPoolWorker-3] [1m[一般] - [界面|中国]中国在南海岛礁试射反舰导弹？国防部回应[0m
[2019-07-06 15:34:26,842: DEBUG/ForkPoolWorker-4] [1m[一般] - [澎湃|思想市场]游戏论·批评的向度丨从叙事批评到算学批评的范式转移[0m
[2019-07-06 15:34:27,344: DEBUG/ForkPoolWorker-4] [1m[一般] - [澎湃|私家地理]对话储卫民：国家地理旅行者摄影大赛全球总冠军的90后[0m
[2019-07-06 15:34:27,344: INFO/ForkPoolWorker-3] [34m[蓝色] - [澎湃|金改实验室]美国6月非农数据亮眼打压降息预期，特朗普再发推抨击美联储[0m
[2019-07-06 15:34:27,845: WARNING/ForkPoolWorker-4] [33m[黄色] - [澎湃|打虎记]区长回应“水幕电影事件”9天后落马[0m
[2019-07-06 15:34:27,845: WARNING/ForkPoolWorker-3] [33m[黄色] - [澎湃|中南海]一图速览习近平的G20时间[0m
[2019-07-06 15:34:28,346: DEBUG/ForkPoolWorker-4] [1m[一般] - [界面|国是]习近平会见孟加拉国总理[0m
[2019-07-06 15:34:28,346: DEBUG/ForkPoolWorker-3] [1m[一般] - [澎湃|人事风向]高校人才跨省流动：河北农大农学院院长陈景堂拟赴任青岛农大[0m
[2019-07-06 15:34:28,848: DEBUG/ForkPoolWorker-4] [1m[一般] - [界面|天下]日朝峰会见端倪？日媒：金正恩已留意安倍新方针，希望弄清真实想法[0m
[2019-07-06 15:34:28,848: DEBUG/ForkPoolWorker-3] [1m[一般] - [澎湃|中国政库]人民日报海外版：中国将增设知识产权专业职称[0m
[2019-07-06 15:34:29,348: DEBUG/ForkPoolWorker-3] [1m[一般] - [澎湃|私家地理]对话储卫民：国家地理旅行者摄影大赛全球总冠军的90后[0m
[2019-07-06 15:34:29,348: INFO/ForkPoolWorker-4] [34m[蓝色] - [澎湃|中南海]时政微视频丨脱贫路上的初心[0m
[2019-07-06 15:34:29,850: WARNING/ForkPoolWorker-3] [33m[黄色] - [澎湃|澎湃评论]马上评丨“杀妻藏尸案”凶手获死刑是对正义的抚慰[0m
[2019-07-06 15:34:29,851: INFO/ForkPoolWorker-4] [34m[蓝色] - [澎湃|舆论场]媒体：离不离婚，不用等高考  [0m
[2019-07-06 15:34:30,352: DEBUG/ForkPoolWorker-4] [1m[一般] - [界面|中国]国家防总：明起南方迎新一轮强降雨，湘桂苏局地或有特大暴雨[0m
[2019-07-06 15:34:30,352: DEBUG/ForkPoolWorker-3] [1m[一般] - [澎湃|人事风向]杨涌出任人民日报社编委委员，继续兼任总编室主任[0m
[2019-07-06 15:34:30,854: DEBUG/ForkPoolWorker-4] [1m[一般] - [澎湃|财经上下游]人民日报：聚焦产业链，发展新集群[0m
[2019-07-06 15:34:30,854: DEBUG/ForkPoolWorker-3] [1m[一般] - [澎湃|私家历史]NBA新科状元Zion译为“锡安”：圣经翻译对中文的影响[0m
[2019-07-06 15:34:31,356: DEBUG/ForkPoolWorker-3] [1m[一般] - [澎湃|中南海]习近平讲述的故事 | 焦裕禄的人民情怀[0m
[2019-07-06 15:34:31,356: DEBUG/ForkPoolWorker-4] [1m[一般] - [界面|时尚]Cerruti 1881创意总监离职，标志着其资方如意集团正发力男装[0m
[2019-07-06 15:34:31,857: DEBUG/ForkPoolWorker-4] [1m[一般] - [界面|天下]博尔顿、蓬佩奥带头喊打，美国对伊鹰派势力有多大？[0m
[2019-07-06 15:34:31,857: DEBUG/ForkPoolWorker-3] [1m[一般] - [澎湃|绿政公署]7日至15日多地有强降雨，国家防总部署新一轮洪灾防范工作[0m
[2019-07-06 15:34:32,359: DEBUG/ForkPoolWorker-4] [1m[一般] - [澎湃|舆论场]媒体：呼吁遛狗拴绳立法，不管好狗就“设法”管好狗主人[0m
[2019-07-06 15:34:32,359: DEBUG/ForkPoolWorker-3] [1m[一般] - [界面|中国]【界面晚报】财政部在澳门首发20亿元人民币国债 “杀妻藏尸”案二审维持死刑判决[0m
[2019-07-06 15:34:32,861: DEBUG/ForkPoolWorker-3] [1m[一般] - [澎湃|中国政库]吉林工程技术师范学院副教授徐承彬涉嫌抄袭他人论文[0m
[2019-07-06 15:34:32,861: INFO/ForkPoolWorker-4] [34m[蓝色] - [澎湃|打虎记]马鞍山市住房和城乡建设局局长马作兵接受纪律审查和监察调查[0m
[2019-07-06 15:34:33,362: ERROR/ForkPoolWorker-4] [36m[橙色] - [澎湃|中南海]为了心里最牵挂的一件大事，习近平提了哪些要求？[0m
[2019-07-06 15:34:33,364: INFO/ForkPoolWorker-3] Task celery_app.monitor.output[0d1cf7f4-dacf-496a-8619-247a4d6c8078] succeeded in 143.01869022599976s: None
[2019-07-06 15:34:33,863: DEBUG/ForkPoolWorker-4] [1m[一般] - [界面|中国]【界面晚报】财政部在澳门首发20亿元人民币国债 “杀妻藏尸”案二审维持死刑判决[0m
[2019-07-06 15:34:34,365: DEBUG/ForkPoolWorker-4] [1m[一般] - [澎湃|有戏]人工智能，以及科幻电影中的AI迷思[0m
[2019-07-06 15:34:34,866: DEBUG/ForkPoolWorker-4] [1m[一般] - [界面|数据]图解 | 上海垃圾分类时代已至，其他城市还远吗？[0m
[2019-07-06 15:34:35,367: DEBUG/ForkPoolWorker-4] [1m[一般] - [界面|天下]【天下奇闻】佳士得4000万拍卖法老雕像惹怒埃及 日本刚推手机支付顾客就被盗刷[0m
[2019-07-06 15:34:35,869: DEBUG/ForkPoolWorker-4] [1m[一般] - [澎湃|中国政库]阜阳：市县两级排查梳理319条形式主义官僚主义等各类问题[0m
[2019-07-06 15:34:36,371: DEBUG/ForkPoolWorker-4] [1m[一般] - [澎湃|舆论场]央视快评：爱国爱港是正道[0m
[2019-07-06 15:34:36,872: DEBUG/ForkPoolWorker-4] [1m[一般] - [界面|天下]油轮被扣，伊朗威胁要“以牙还牙”[0m
[2019-07-06 15:34:37,374: DEBUG/ForkPoolWorker-4] [1m[一般] - [澎湃|文艺范]忒修斯：年轻轻玩乐队的，却说什么“文以载道” [0m
[2019-07-06 15:34:37,875: DEBUG/ForkPoolWorker-4] [1m[一般] - [澎湃|中南海]不忘初心，总书记这些话党员要牢记[0m
[2019-07-06 15:34:38,377: DEBUG/ForkPoolWorker-4] [1m[一般] - [澎湃|牛市点线面]证监会答再融资30问十大要点：募资不能投限制类淘汰类项目[0m
[2019-07-06 15:34:38,879: DEBUG/ForkPoolWorker-4] [1m[一般] - [澎湃|人事风向]“双一流”建设高校湖南师范大学书记、校长同步调整[0m
[2019-07-06 15:34:39,381: INFO/ForkPoolWorker-4] [34m[蓝色] - [澎湃|港台来信]台南一小学导师被爆性侵学生20年，官方：终身不再聘为教师[0m
[2019-07-06 15:34:39,883: DEBUG/ForkPoolWorker-4] [1m[一般] - [界面|国是]中国共产党如何始终做到自身过硬？| 音频课[0m
[2019-07-06 15:34:40,385: DEBUG/ForkPoolWorker-4] [1m[一般] - [界面|国是]习近平：巩固党和国家机构改革成果，推进国家治理体系和治理能力现代化[0m
[2019-07-06 15:34:40,887: DEBUG/ForkPoolWorker-4] [1m[一般] - [澎湃|上海书评]周松芳︱陈寅恪的波士顿醉香楼龙虾及其他[0m
[2019-07-06 15:34:41,388: DEBUG/ForkPoolWorker-4] [1m[一般] - [澎湃|人事风向]孙硕当选北京市西城区区长[0m
[2019-07-06 15:34:41,890: DEBUG/ForkPoolWorker-4] [1m[一般] - [界面|中国]天津男子“杀妻骗保案”在泰国开庭：涉案保险材料8个签字7个假[0m
[2019-07-06 15:34:42,392: DEBUG/ForkPoolWorker-4] [1m[一般] - [澎湃|人事风向]贵州省委副秘书长石邦林任遵义市政协党组书记，提名主席人选[0m
[2019-07-06 15:34:42,894: DEBUG/ForkPoolWorker-4] [1m[一般] - [界面|宏观]“开绿灯”两年后，中国首次进口美国大米[0m
[2019-07-06 15:34:43,395: DEBUG/ForkPoolWorker-4] [1m[一般] - [澎湃|运动家]二队出马也能击败强敌意大利，这就是中国女排的“深度”[0m
[2019-07-06 15:34:43,897: DEBUG/ForkPoolWorker-4] [1m[一般] - [界面|数据]数据 | 上海国际电影节报名影片26年翻22倍，4部中国影片获奖[0m
[2019-07-06 15:34:44,399: DEBUG/ForkPoolWorker-4] [1m[一般] - [澎湃|打虎记]河南省司法厅党委委员、副厅长黄真伟接受审查调查[0m
[2019-07-06 15:34:44,901: DEBUG/ForkPoolWorker-4] [1m[一般] - [澎湃|中国政库]吉林工程技术师范学院副教授徐承彬涉嫌抄袭他人论文[0m
[2019-07-06 15:34:45,402: DEBUG/ForkPoolWorker-4] [1m[一般] - [澎湃|舆论场]新华社评论员：共同推进以协调、合作、稳定为基调的中美关系[0m
[2019-07-06 15:34:45,904: DEBUG/ForkPoolWorker-4] [1m[一般] - [澎湃|古代艺术]良渚申遗亲历者手记：伟哉良渚——写在良渚成为世界遗产之际[0m
[2019-07-06 15:34:46,406: DEBUG/ForkPoolWorker-4] [1m[一般] - [澎湃|中国政库]人民日报海外版：中国将增设知识产权专业职称[0m
[2019-07-06 15:34:46,907: DEBUG/ForkPoolWorker-4] [1m[一般] - [界面|天下]欧盟伊朗将完成首笔绕开美国制裁的贸易，但伊朗的耐心快没了[0m
[2019-07-06 15:34:47,409: DEBUG/ForkPoolWorker-4] [1m[一般] - [澎湃|中南海]金句来习丨关于G的一切[0m
[2019-07-06 15:34:47,910: WARNING/ForkPoolWorker-4] [33m[黄色] - [澎湃|打虎记]张家口万全区委副书记、区长张志友接受审查调查[0m
[2019-07-06 15:34:48,412: DEBUG/ForkPoolWorker-4] [1m[一般] - [澎湃|中南海]习近平讲述的故事 | 焦裕禄的人民情怀[0m
[2019-07-06 15:34:48,914: DEBUG/ForkPoolWorker-4] [1m[一般] - [澎湃|身体]驱蚊方式更新迭代，哪些是坑？哪些可行？[0m
[2019-07-06 15:34:49,416: DEBUG/ForkPoolWorker-4] [1m[一般] - [界面|国是]最后的湘江抢渡：用生命向信仰交出答卷[0m
[2019-07-06 15:34:49,916: DEBUG/ForkPoolWorker-4] [1m[一般] - [界面|国是]用理论之光照亮中华民族复兴之路[0m
[2019-07-06 15:34:50,419: ERROR/ForkPoolWorker-4] [36m[橙色] - [澎湃|中国政库]深化党和国家机构改革总结会议召开，习近平发表重要讲话[0m
[2019-07-06 15:34:50,921: DEBUG/ForkPoolWorker-4] [1m[一般] - [界面|时尚]GUCCI珠宝首店开张，开云集团为什么在珠宝领域加码？[0m
[2019-07-06 15:34:51,423: DEBUG/ForkPoolWorker-4] [1m[一般] - [界面|中国]大学异地办学热潮：地方政府追捧的“名校校区”为何原则上不再审批？[0m
[2019-07-06 15:34:51,925: DEBUG/ForkPoolWorker-4] [1m[一般] - [界面|中国]河南永城警方通报玛莎拉蒂撞宝马事故：肇事女司机23岁无业[0m
[2019-07-06 15:34:52,426: DEBUG/ForkPoolWorker-4] [1m[一般] - [澎湃|人事风向]史胜林出任武警安徽省总队司令员，接替王宝音[0m
[2019-07-06 15:34:52,928: DEBUG/ForkPoolWorker-4] [1m[一般] - [澎湃|绿政公署]受雷雨天气影响，北京首都机场已取消航班172架次[0m
[2019-07-06 15:34:53,432: INFO/ForkPoolWorker-4] Task celery_app.monitor.output[f0a3ec8d-969e-4318-83c8-806e82b46da3] succeeded in 139.46802821999972s: None
[2019-07-06 15:49:47,784: INFO/MainProcess] Received task: celery_app.thepaper_crawler.crawl[c837fe62-ce57-4991-bf76-67b2ed5cabe6]  
[2019-07-06 15:49:47,784: INFO/MainProcess] Received task: celery_app.jiemian_crawler.crawl[901fbbab-17cd-4e05-8f11-23b208510ca4]  
[2019-07-06 15:49:47,786: INFO/MainProcess] Received task: celery_app.monitor.output[f7411b27-62af-40cc-b167-58897a12c8fc]  ETA:[2019-07-06 07:49:57.784853+00:00] 
[2019-07-06 15:49:51,614: INFO/ForkPoolWorker-10] Task celery_app.jiemian_crawler.crawl[901fbbab-17cd-4e05-8f11-23b208510ca4] succeeded in 3.826586930999838s: None
[2019-07-06 15:49:53,026: INFO/ForkPoolWorker-9] Task celery_app.thepaper_crawler.crawl[c837fe62-ce57-4991-bf76-67b2ed5cabe6] succeeded in 5.241697744000703s: None
[2019-07-06 15:49:58,117: CRITICAL/ForkPoolWorker-5] [31m[红色] - +++++++++++++++++++++++++++++++++++++++++[0m
[2019-07-06 15:49:58,118: CRITICAL/ForkPoolWorker-5] [31m[红色] - +++小张新闻收集器terminal - 正在运行中+++[0m
[2019-07-06 15:49:58,119: CRITICAL/ForkPoolWorker-5] [31m[红色] - +++  Beta 0.1 powered by Ian Zhang  +++[0m
[2019-07-06 15:49:58,119: CRITICAL/ForkPoolWorker-5] [31m[红色] - +++++++++++++++++++++++++++++++++++++++++[0m
[2019-07-06 15:49:58,124: DEBUG/ForkPoolWorker-5] [1m[一般] - [澎湃|视界]小程序不烧脑 “澎湃分垃圾”正式上线[0m
[2019-07-06 15:49:58,624: DEBUG/ForkPoolWorker-5] [1m[一般] - [澎湃|打虎记]中国纪检监察报：“庙会”管理费竟成自家“福利池” [0m
[2019-07-06 15:49:59,126: DEBUG/ForkPoolWorker-5] [1m[一般] - [澎湃|思想市场]哲学何为？华东师大哲学系三十年“智慧的探索”[0m
[2019-07-06 15:49:59,627: DEBUG/ForkPoolWorker-5] [1m[一般] - [澎湃|金改实验室]少见！这家农商行拟定增1亿元，同时1：1搭售不良资产[0m
[2019-07-06 15:50:00,129: ERROR/ForkPoolWorker-5] [36m[橙色] - [澎湃|中国政库]国家信访局：着力推进让群众“最多访一次”[0m
[2019-07-06 15:50:00,630: DEBUG/ForkPoolWorker-5] [1m[一般] - [澎湃|中国政库]北京市8年共整治地下空间785万平方米[0m
[2019-07-06 15:50:01,132: DEBUG/ForkPoolWorker-5] [1m[一般] - [澎湃|打虎记]内蒙古一官员挪用农民养老金为妻子买宝马，出逃半年被追回[0m
[2019-07-06 15:50:01,634: DEBUG/ForkPoolWorker-5] [1m[一般] - [澎湃|中国政库]川藏铁路雅安至林芝段进展：目前开展征地拆迁调查等前期工作[0m
[2019-07-06 15:50:02,134: DEBUG/ForkPoolWorker-5] [1m[一般] - [界面|国是]30余国政党代表走进中国看振兴[0m
[2019-07-06 15:50:02,636: DEBUG/ForkPoolWorker-5] [1m[一般] - [界面|天下]【天下奇闻】佳士得4000万拍卖法老雕像惹怒埃及 日本刚推手机支付顾客就被盗刷[0m
[2019-07-06 15:50:03,138: DEBUG/ForkPoolWorker-5] [1m[一般] - [澎湃|中国政库]102名外国政府官员今天从这所中国大学结业[0m
[2019-07-06 15:50:03,640: DEBUG/ForkPoolWorker-5] [1m[一般] - [澎湃|中南海]金句来习丨关于G的一切[0m
[2019-07-06 15:50:04,142: DEBUG/ForkPoolWorker-5] [1m[一般] - [界面|国是]经历艰辛 走向胜利[0m
[2019-07-06 15:50:04,644: DEBUG/ForkPoolWorker-5] [1m[一般] - [澎湃|翻书党]敦煌学家项楚八秩寿庆，《项楚学术文集》由中华书局出版[0m
[2019-07-06 15:50:05,146: DEBUG/ForkPoolWorker-5] [1m[一般] - [澎湃|中南海]这个6月不寻常！习近平四赴海外，写就中国外交新华章[0m
[2019-07-06 15:50:05,648: DEBUG/ForkPoolWorker-5] [1m[一般] - [澎湃|文化课]专访丨陈晓卿 ：美食是人类的刚需[0m
[2019-07-06 15:50:06,149: DEBUG/ForkPoolWorker-5] [1m[一般] - [澎湃|人事风向]外交部原副部长王超出任外交学会会长，接替吴海龙[0m
[2019-07-06 15:50:06,651: DEBUG/ForkPoolWorker-5] [1m[一般] - [界面|国是]习近平对这个问题连说“重话”[0m
[2019-07-06 15:50:07,153: DEBUG/ForkPoolWorker-5] [1m[一般] - [界面|数据]图解 | 车辆购置税增速不断下滑，新税法让买车更便宜[0m
[2019-07-06 15:50:07,654: DEBUG/ForkPoolWorker-5] [1m[一般] - [澎湃|人事风向]八一勋章获得者印春荣任国家移民管理局机关党委专职副书记[0m
[2019-07-06 15:50:08,155: WARNING/ForkPoolWorker-5] [33m[黄色] - [界面|天下]英国扣押油轮激怒伊朗，北约军队掺和下核协议还有得救吗？[0m
[2019-07-06 15:50:08,657: DEBUG/ForkPoolWorker-5] [1m[一般] - [界面|中国]大数据填报志愿乱象：花数百元看不到“数据”，被骗后投诉无门[0m
[2019-07-06 15:50:09,159: DEBUG/ForkPoolWorker-5] [1m[一般] - [界面|体育]球星加入打开金路，篮网下赛季收入有望增长15%[0m
[2019-07-06 15:50:09,660: DEBUG/ForkPoolWorker-5] [1m[一般] - [界面|时尚]从运动场到奢侈品店，白色的网球装通吃两界[0m
[2019-07-06 15:50:10,161: DEBUG/ForkPoolWorker-5] [1m[一般] - [界面|中国]“百名红通人员”黄艳兰贪污案二审宣判，曾用公款在上海买房52套[0m
[2019-07-06 15:50:10,662: DEBUG/ForkPoolWorker-5] [1m[一般] - [界面|天下]日本参院选举各党党首展开舌战，女性参选比例创新高[0m
[2019-07-06 15:50:11,164: DEBUG/ForkPoolWorker-5] [1m[一般] - [澎湃|舆论场]央视快评：爱国爱港是正道[0m
[2019-07-06 15:50:11,666: INFO/ForkPoolWorker-5] [34m[蓝色] - [界面|天下]【天下头条】英国军方扣押一艘伊朗油轮 俄罗斯承认失火潜航器为核动力[0m
[2019-07-06 15:50:12,167: DEBUG/ForkPoolWorker-5] [1m[一般] - [界面|中国]“菜篮子”“果盘子”稳稳当当（中国经济纵深谈③）[0m
[2019-07-06 15:50:12,669: INFO/ForkPoolWorker-5] [34m[蓝色] - [澎湃|舆论场]乐山大佛被传修成“小鲜肉”，人们紧张是因为太多修复性破坏[0m
[2019-07-06 15:50:13,171: DEBUG/ForkPoolWorker-5] [1m[一般] - [界面|宏观]报告：2018年人民币国际化再进一步，短暂成为第三大国际货币[0m
[2019-07-06 15:50:13,673: DEBUG/ForkPoolWorker-5] [1m[一般] - [界面|时尚]GUCCI珠宝首店开张，开云集团为什么在珠宝领域加码？[0m
[2019-07-06 15:50:14,175: DEBUG/ForkPoolWorker-5] [1m[一般] - [界面|天下]索马里宣布与几内亚断交，为什么？[0m
[2019-07-06 15:50:14,677: ERROR/ForkPoolWorker-5] [36m[橙色] - [澎湃|中南海]习近平多封贺信传递中国主张[0m
[2019-07-06 15:50:15,179: DEBUG/ForkPoolWorker-5] [1m[一般] - [界面|国是]忆峥嵘岁月！这些文物背后的故事令人落泪[0m
[2019-07-06 15:50:15,681: DEBUG/ForkPoolWorker-5] [1m[一般] - [澎湃|运动家]体坛联播｜中国男篮遭遇41分惨败，张帅首次闯入温网16强[0m
[2019-07-06 15:50:16,182: DEBUG/ForkPoolWorker-5] [1m[一般] - [澎湃|私家历史]NBA新科状元Zion译为“锡安”：圣经翻译对中文的影响[0m
[2019-07-06 15:50:16,683: DEBUG/ForkPoolWorker-5] [1m[一般] - [澎湃|思想市场]游戏论·批评的向度丨从叙事批评到算学批评的范式转移[0m
[2019-07-06 15:50:17,185: DEBUG/ForkPoolWorker-5] [1m[一般] - [界面|数据]数据 | 民营医院数量占比超六成背后：诊疗人次不到两成[0m
[2019-07-06 15:50:17,687: DEBUG/ForkPoolWorker-5] [1m[一般] - [澎湃|舆论场]新华社评论员：共同推进以协调、合作、稳定为基调的中美关系[0m
[2019-07-06 15:50:18,188: DEBUG/ForkPoolWorker-5] [1m[一般] - [澎湃|牛市点线面]支持券商流动性新政六大看点：投保基金可救助，救急不救穷[0m
[2019-07-06 15:50:18,690: DEBUG/ForkPoolWorker-5] [1m[一般] - [界面|时尚]Cerruti 1881创意总监离职，标志着其资方如意集团正发力男装[0m
[2019-07-06 15:50:19,191: DEBUG/ForkPoolWorker-5] [1m[一般] - [澎湃|运动家]格里兹曼和马竞决裂，他的“好好先生”人设彻底崩了[0m
[2019-07-06 15:50:19,693: WARNING/ForkPoolWorker-5] [33m[黄色] - [澎湃|中南海]一图速览习近平的G20时间[0m
[2019-07-06 15:50:20,195: DEBUG/ForkPoolWorker-5] [1m[一般] - [澎湃|身体]驱蚊方式更新迭代，哪些是坑？哪些可行？[0m
[2019-07-06 15:50:20,696: DEBUG/ForkPoolWorker-5] [1m[一般] - [澎湃|中国政库]中国专业学位教育主要奠基人印邦炎逝世，享年91岁[0m
[2019-07-06 15:50:21,198: WARNING/ForkPoolWorker-5] [33m[黄色] - [澎湃|舆论场]人工智能软件​“一键脱衣”？媒体：技术与道德不该如此对立[0m
[2019-07-06 15:50:21,700: INFO/ForkPoolWorker-5] [34m[蓝色] - [澎湃|舆论场]半月谈：衰败还是新生？中国小镇面临巨大挑战[0m
[2019-07-06 15:50:22,202: DEBUG/ForkPoolWorker-5] [1m[一般] - [澎湃|艺术评论]一周观展指南｜巴黎展“贾科梅蒂与裸体”，东京观三国与考古[0m
[2019-07-06 15:50:22,704: ERROR/ForkPoolWorker-5] [36m[橙色] - [澎湃|中国政库]山东省政府网站刊发网友建议，言辞犀利直指山东弊端[0m
[2019-07-06 15:50:23,205: DEBUG/ForkPoolWorker-5] [1m[一般] - [界面|数据]数据 | 告诉你什么样的Vlog能火[0m
[2019-07-06 15:50:23,707: CRITICAL/ForkPoolWorker-5] [31m[红色] - [界面|数据]数据 | “618”大战正酣，格力PK奥克斯谁更强？[0m
[2019-07-06 15:50:24,209: WARNING/ForkPoolWorker-5] [33m[黄色] - [澎湃|舆论场]人民日报谈“高空抛物”整治：法律和技术手段都必不可少[0m
[2019-07-06 15:50:24,710: DEBUG/ForkPoolWorker-5] [1m[一般] - [界面|中国]央视评永城女司机醉驾致2死4伤：醉驾入刑八年缘何唤不醒“亡命客”？[0m
[2019-07-06 15:50:25,212: WARNING/ForkPoolWorker-5] [33m[黄色] - [澎湃|地产界]南宁楼市狂欢：新开楼盘遭哄抢，66万“团购费”买入场资格[0m
[2019-07-06 15:50:25,714: DEBUG/ForkPoolWorker-5] [1m[一般] - [界面|数据]数据 | 上半年发改委批复基建项目超2700亿，机场项目最多[0m
[2019-07-06 15:50:26,216: WARNING/ForkPoolWorker-5] [33m[黄色] - [界面|数据]图解 | 郭台铭卸任鸿海董事长，接班人何许人也？[0m
[2019-07-06 15:50:26,718: DEBUG/ForkPoolWorker-5] [1m[一般] - [界面|国是]为加强党的全面领导提供有力制度保障[0m
[2019-07-06 15:50:27,220: DEBUG/ForkPoolWorker-5] [1m[一般] - [澎湃|中南海]不忘初心，总书记这些话党员要牢记[0m
[2019-07-06 15:50:27,721: DEBUG/ForkPoolWorker-5] [1m[一般] - [界面|宏观]尼日利亚确认加入世界最大自贸区，非洲大陆贸易一体化还有哪些障碍？[0m
[2019-07-06 15:50:28,223: DEBUG/ForkPoolWorker-5] [1m[一般] - [澎湃|中国政库]水关长城和古长城合并进八达岭长城，由八达岭特区办事处统管[0m
[2019-07-06 15:50:28,724: WARNING/ForkPoolWorker-5] [33m[黄色] - [澎湃|中南海]红船印初心[0m
[2019-07-06 15:50:29,226: DEBUG/ForkPoolWorker-5] [1m[一般] - [澎湃|人事风向]高校人才跨省流动：河北农大农学院院长陈景堂拟赴任青岛农大[0m
[2019-07-06 15:50:29,727: DEBUG/ForkPoolWorker-5] [1m[一般] - [澎湃|浦江头条]北大、清华在沪录取分数线公布[0m
[2019-07-06 15:50:30,229: DEBUG/ForkPoolWorker-5] [1m[一般] - [界面|国是]铁路初心（一）：红色基因[0m
[2019-07-06 15:50:30,730: DEBUG/ForkPoolWorker-5] [1m[一般] - [界面|国是]结合实际注重实效，聚焦主业忠诚履职[0m
[2019-07-06 15:50:31,231: WARNING/ForkPoolWorker-5] [33m[黄色] - [界面|时尚]被骂“山寨”这么久，Supreme Italia最近终于开口回应了[0m
[2019-07-06 15:50:31,733: DEBUG/ForkPoolWorker-5] [1m[一般] - [澎湃|私家地理]漫步小铁路：探访湖南不为人知的窄轨（下）[0m
[2019-07-06 15:50:32,238: DEBUG/ForkPoolWorker-5] [1m[一般] - [界面|国是]习近平：巩固党和国家机构改革成果，推进国家治理体系和治理能力现代化[0m
[2019-07-06 15:50:32,740: DEBUG/ForkPoolWorker-5] [1m[一般] - [澎湃|打虎记]乌兰察布原副市长严洪波案昨日一审开庭，当庭认罪悔罪[0m
[2019-07-06 15:50:33,242: DEBUG/ForkPoolWorker-5] [1m[一般] - [澎湃|有戏]人工智能，以及科幻电影中的AI迷思[0m
[2019-07-06 15:50:33,744: INFO/ForkPoolWorker-5] [34m[蓝色] - [澎湃|人事风向]安徽池州一干部因工作需要拟破格提拔，基层工作经历不足两年[0m
[2019-07-06 15:50:34,246: DEBUG/ForkPoolWorker-5] [1m[一般] - [界面|宏观]“开绿灯”两年后，中国首次进口美国大米[0m
[2019-07-06 15:50:34,747: DEBUG/ForkPoolWorker-5] [1m[一般] - [澎湃|舆论场]微博开展暑期涉黄低俗信息专项清理行动，违法信息上报公安[0m
[2019-07-06 15:50:35,247: DEBUG/ForkPoolWorker-5] [1m[一般] - [界面|天下]油轮被扣，伊朗威胁要“以牙还牙”[0m
[2019-07-06 15:50:35,748: DEBUG/ForkPoolWorker-5] [1m[一般] - [界面|天下]朝鲜释放29岁澳大利亚留学生，澳总理称感谢瑞典帮忙[0m
[2019-07-06 15:50:36,250: DEBUG/ForkPoolWorker-5] [1m[一般] - [界面|数据]数据 | 小龙虾价格涨不动了，来个大份[0m
[2019-07-06 15:50:36,752: DEBUG/ForkPoolWorker-5] [1m[一般] - [澎湃|中国政库]广东：推动在粤设立区域性天然气交易机构[0m
[2019-07-06 15:50:37,254: ERROR/ForkPoolWorker-5] [36m[橙色] - [界面|体育]支付宝10年10亿支持中国女足，放弃所有商业权益[0m
[2019-07-06 15:50:37,755: ERROR/ForkPoolWorker-5] [36m[橙色] - [澎湃|中南海]为了心里最牵挂的一件大事，习近平提了哪些要求？[0m
[2019-07-06 15:50:38,257: DEBUG/ForkPoolWorker-5] [1m[一般] - [界面|国是]最后的湘江抢渡：用生命向信仰交出答卷[0m
[2019-07-06 15:50:38,758: WARNING/ForkPoolWorker-5] [33m[黄色] - [澎湃|中南海]时政微视频：一项新中国外交纪录这样诞生[0m
[2019-07-06 15:50:39,260: DEBUG/ForkPoolWorker-5] [1m[一般] - [界面|国是]【深一度】五问非洲猪瘟，你所关切的答案都在这里[0m
[2019-07-06 15:50:39,762: DEBUG/ForkPoolWorker-5] [1m[一般] - [澎湃|中南海]习近平讲述的故事 | 焦裕禄的人民情怀[0m
[2019-07-06 15:50:40,264: WARNING/ForkPoolWorker-5] [33m[黄色] - [澎湃|10%公司]康得新4年虚增利润119亿，证监会拟顶格处罚：或强制退市[0m
[2019-07-06 15:50:40,765: DEBUG/ForkPoolWorker-5] [1m[一般] - [澎湃|人事风向]庄斌少将已担任陆军第77集团军政治工作部主任[0m
[2019-07-06 15:50:41,267: DEBUG/ForkPoolWorker-5] [1m[一般] - [澎湃|澎湃研究所]全球城市观察 | 欧洲十城要求欧盟立法以限制Airbnb[0m
[2019-07-06 15:50:41,769: ERROR/ForkPoolWorker-5] [36m[橙色] - [澎湃|打虎记]人民日报政文：监狱腐败频发，与监狱内监督力度薄弱不无关系[0m
[2019-07-06 15:50:42,270: DEBUG/ForkPoolWorker-5] [1m[一般] - [澎湃|中南海]一篮杨梅里的初心[0m
[2019-07-06 15:50:42,772: DEBUG/ForkPoolWorker-5] [1m[一般] - [澎湃|绿政公署]安徽阜南：近年加大对濛洼湿地保护，现已引来大量候鸟[0m
[2019-07-06 15:50:43,273: INFO/ForkPoolWorker-5] [34m[蓝色] - [澎湃|异次元]腾讯视频公布47个国漫新项目，《默读》将动画化[0m
[2019-07-06 15:50:43,775: DEBUG/ForkPoolWorker-5] [1m[一般] - [澎湃|人事风向]安徽副省长、阜阳市委书记杨光荣分工调整：主要精力在阜阳[0m
[2019-07-06 15:50:44,277: DEBUG/ForkPoolWorker-5] [1m[一般] - [界面|时尚]泰国选美大赛为什么总是这么鬼畜？[0m
[2019-07-06 15:50:44,779: INFO/ForkPoolWorker-5] [34m[蓝色] - [澎湃|中南海]时政微视频丨脱贫路上的初心[0m
[2019-07-06 15:50:45,281: DEBUG/ForkPoolWorker-5] [1m[一般] - [界面|国是]没有红军逾越不了的山河[0m
[2019-07-06 15:50:45,783: DEBUG/ForkPoolWorker-5] [1m[一般] - [界面|国是]从初心到活力 中国基层几件事[0m
[2019-07-06 15:50:46,285: DEBUG/ForkPoolWorker-5] [1m[一般] - [界面|宏观]达沃斯论坛掌舵人：今年最成功的之处在于，中国与世界增强了互信[0m
[2019-07-06 15:50:46,786: INFO/ForkPoolWorker-5] [34m[蓝色] - [澎湃|牛市点线面]银河证券紧急问责“弃购”事件，对自营投资负责人党内警告[0m
[2019-07-06 15:50:47,288: DEBUG/ForkPoolWorker-5] [1m[一般] - [澎湃|打虎记]河北省残疾人联合会原副理事长李国忠接受纪律审查和监察调查[0m
[2019-07-06 15:50:47,789: DEBUG/ForkPoolWorker-5] [1m[一般] - [澎湃|古代艺术]良渚申遗亲历者手记：伟哉良渚——写在良渚成为世界遗产之际[0m
[2019-07-06 15:50:48,290: DEBUG/ForkPoolWorker-5] [1m[一般] - [界面|宏观]美国6月非农就业超预期，但美联储降息概率仍较大[0m
[2019-07-06 15:50:48,792: DEBUG/ForkPoolWorker-5] [1m[一般] - [澎湃|古代艺术]良渚遗址成为新的世界遗产，“中华第一城”确证五千年文明史[0m
[2019-07-06 15:50:49,293: DEBUG/ForkPoolWorker-5] [1m[一般] - [界面|文娱]《狮子王》《爱宠2》等进口片夹击，国产动画能否突围？[0m
[2019-07-06 15:50:49,794: DEBUG/ForkPoolWorker-5] [1m[一般] - [澎湃|中国政库]吉林工程技术师范学院副教授论文涉嫌抄袭，校方已启动调查[0m
[2019-07-06 15:50:50,296: DEBUG/ForkPoolWorker-5] [1m[一般] - [澎湃|打虎记]重庆“两栖干部”被一举报信牵出：虚造花名册，违规兼职取酬[0m
[2019-07-06 15:50:50,797: DEBUG/ForkPoolWorker-5] [1m[一般] - [界面|宏观]【财经24小时】海南省将探索试行自由贸易港财税政策[0m
[2019-07-06 15:50:51,299: DEBUG/ForkPoolWorker-5] [1m[一般] - [界面|数据]图解 | 上海垃圾分类时代已至，其他城市还远吗？[0m
[2019-07-06 15:50:51,801: INFO/ForkPoolWorker-5] [34m[蓝色] - [澎湃|舆论场]媒体刊文评警方征集杜少平团伙犯罪线索：扫黑除恶须紧靠人民[0m
[2019-07-06 15:50:52,303: DEBUG/ForkPoolWorker-5] [1m[一般] - [澎湃|舆论场]多款知名App被通报，用户信息屡遭侵犯的顽疾该攻克了[0m
[2019-07-06 15:50:52,805: DEBUG/ForkPoolWorker-5] [1m[一般] - [界面|数据]数据 | 买房究竟对消费造成了多大的挤压？[0m
[2019-07-06 15:50:53,307: WARNING/ForkPoolWorker-5] [33m[黄色] - [澎湃|中国政库]河北深泽通报“一村虚增百余厕所骗补”调查进展：问题属实[0m
[2019-07-06 15:50:53,809: DEBUG/ForkPoolWorker-5] [1m[一般] - [界面|天下]苏丹过渡军委会与反对派达成协议，军人文官轮流领导最高权力机构[0m
[2019-07-06 15:50:54,311: DEBUG/ForkPoolWorker-5] [1m[一般] - [澎湃|绿政公署]7日至15日多地有强降雨，国家防总部署新一轮洪灾防范工作[0m
[2019-07-06 15:50:54,821: ERROR/ForkPoolWorker-5] [36m[橙色] - [界面|数据]数据 | 消费行不行？看看“618战绩”就知道了[0m
[2019-07-06 15:50:55,322: DEBUG/ForkPoolWorker-5] [1m[一般] - [澎湃|财经上下游]人民日报：聚焦产业链，发展新集群[0m
[2019-07-06 15:50:55,824: DEBUG/ForkPoolWorker-5] [1m[一般] - [界面|中国]两部委发文扩大高职院校奖助学金覆盖面，设立中职教育国家奖学金[0m
[2019-07-06 15:50:56,325: INFO/ForkPoolWorker-5] [34m[蓝色] - [澎湃|中国政库]利用退休教师资源：湖北招募2百名退休教师赴精准扶贫县任教[0m
[2019-07-06 15:50:56,827: DEBUG/ForkPoolWorker-5] [1m[一般] - [澎湃|古代艺术]良渚古城遗址申遗：历经83年考古，揭开良渚神秘面纱[0m
[2019-07-06 15:50:57,329: DEBUG/ForkPoolWorker-5] [1m[一般] - [澎湃|人事风向]航天专家、长江学者特聘教授赵正旭拟赴青岛理工大学工作[0m
[2019-07-06 15:50:57,829: ERROR/ForkPoolWorker-5] [36m[橙色] - [澎湃|舆论场]央视：醉驾入刑已八年，缘何唤不醒“亡命客”？[0m
[2019-07-06 15:50:58,331: DEBUG/ForkPoolWorker-5] [1m[一般] - [澎湃|打虎记]中纪委机关报：强化监督管理，加大金融领域反腐力度[0m
[2019-07-06 15:50:58,833: DEBUG/ForkPoolWorker-5] [1m[一般] - [界面|宏观]【财经数据】财政部首次在澳门发行20亿元人民币国债[0m
[2019-07-06 15:50:59,334: DEBUG/ForkPoolWorker-5] [1m[一般] - [澎湃|地产界]中国游客赴保加利亚呈爆发式增长，总统拉德夫：正在推动直航[0m
[2019-07-06 15:50:59,835: INFO/ForkPoolWorker-5] [34m[蓝色] - [澎湃|中南海]中国强音！习近平：中国有信心走好自己的路、办好自己的事[0m
[2019-07-06 15:51:00,337: DEBUG/ForkPoolWorker-5] [1m[一般] - [澎湃|人事风向]黄晓玫任中国地质大学（武汉）党委书记[0m
[2019-07-06 15:51:00,839: DEBUG/ForkPoolWorker-5] [1m[一般] - [界面|时尚]不动刀不注射就能瘦脸的日式小颜整骨，是最新的智商税吗？[0m
[2019-07-06 15:51:01,341: DEBUG/ForkPoolWorker-5] [1m[一般] - [界面|国是]把大伙儿的事放心上（人民满意的公务员）[0m
[2019-07-06 15:51:01,843: WARNING/ForkPoolWorker-5] [33m[黄色] - [澎湃|牛市点线面]首例：银河证券因科创板打新弃购被列限制名单，称是操作事故[0m
[2019-07-06 15:51:02,345: DEBUG/ForkPoolWorker-5] [1m[一般] - [界面|数据]图解 | 新中国成立后第九次特赦[0m
[2019-07-06 15:51:02,847: WARNING/ForkPoolWorker-5] [33m[黄色] - [澎湃|打虎记]区长回应“水幕电影事件”9天后落马[0m
[2019-07-06 15:51:03,349: DEBUG/ForkPoolWorker-5] [1m[一般] - [澎湃|打虎记]四川省体育局副局长季涛接受纪律审查和监察调查 [0m
[2019-07-06 15:51:03,851: WARNING/ForkPoolWorker-5] [33m[黄色] - [界面|数据]数据 | 广州增加车牌供应后均价大降32%，其他城市会跟吗？[0m
[2019-07-06 15:51:04,352: DEBUG/ForkPoolWorker-5] [1m[一般] - [界面|体育]体育经纪作拼图，腾讯体育想发力数字化营销[0m
[2019-07-06 15:51:04,853: ERROR/ForkPoolWorker-5] [36m[橙色] - [澎湃|中南海]从一件普通农具读懂习近平的为民初心[0m
[2019-07-06 15:51:05,355: DEBUG/ForkPoolWorker-5] [1m[一般] - [澎湃|绿政公署]国家林业和草原局督办海南滥砍盗伐珍稀树种案[0m
[2019-07-06 15:51:05,856: DEBUG/ForkPoolWorker-5] [1m[一般] - [界面|宏观]美国宏观经济、美联储动向与美股下半年涨跌预测[0m
[2019-07-06 15:51:06,357: DEBUG/ForkPoolWorker-5] [1m[一般] - [澎湃|科技湃]中国首颗软件定义卫星天智一号完成多项在轨试验[0m
[2019-07-06 15:51:06,859: DEBUG/ForkPoolWorker-5] [1m[一般] - [澎湃|牛市点线面]证监会答再融资30问十大要点：募资不能投限制类淘汰类项目[0m
[2019-07-06 15:51:07,361: DEBUG/ForkPoolWorker-5] [1m[一般] - [澎湃|私家地理]从坦克兵到养蜂人，关坝村的返乡青年故事[0m
[2019-07-06 15:51:07,863: ERROR/ForkPoolWorker-5] [36m[橙色] - [澎湃|绿政公署]昆明10月大男婴打疫苗后身亡，经鉴定为疫苗接种异常反应[0m
[2019-07-06 15:51:08,365: ERROR/ForkPoolWorker-5] [36m[橙色] - [澎湃|舆论场]中青报：女性求职就业总被问“生没生娃”，生育歧视几时休[0m
[2019-07-06 15:51:08,867: INFO/ForkPoolWorker-5] [34m[蓝色] - [澎湃|中国政库]北京房屋租赁行业毕业租房季倡议：稳定租金，规范租金贷[0m
[2019-07-06 15:51:09,369: DEBUG/ForkPoolWorker-5] [1m[一般] - [澎湃|直击现场]湖北黄石：幼儿园老师体罚学生已被行政拘留，责令解聘[0m
[2019-07-06 15:51:09,871: DEBUG/ForkPoolWorker-5] [1m[一般] - [界面|文娱]视频平台鏖战2019上半场，头部综艺对平台加持作用凸显[0m
[2019-07-06 15:51:10,373: DEBUG/ForkPoolWorker-5] [1m[一般] - [界面|中国]国家防总：明起南方迎新一轮强降雨，湘桂苏局地或有特大暴雨[0m
[2019-07-06 15:51:10,874: ERROR/ForkPoolWorker-5] [36m[橙色] - [澎湃|中南海]【绘心绘语】值得收藏！习主席这些令人回味的G20金句[0m
[2019-07-06 15:51:11,376: WARNING/ForkPoolWorker-5] [33m[黄色] - [澎湃|社论]【社论】上边减税降费下边乱收费？露头就打！[0m
[2019-07-06 15:51:11,877: DEBUG/ForkPoolWorker-5] [1m[一般] - [澎湃|中南海]原创时政微视频 | 初心不改，矢志不渝[0m
[2019-07-06 15:51:12,378: DEBUG/ForkPoolWorker-5] [1m[一般] - [澎湃|亲子学堂]建平远翔校长于基泰寄语毕业生:向前冲时，记得回头看一看[0m
[2019-07-06 15:51:12,880: DEBUG/ForkPoolWorker-5] [1m[一般] - [界面|中国]直通部委|老虎机等赌博类游戏设备或被禁 全国77城黑臭水体消除比例低于80%[0m
[2019-07-06 15:51:13,382: DEBUG/ForkPoolWorker-5] [1m[一般] - [澎湃|打虎记]浙江省委巡视组巡视多所高校，义乌一高校校领导被查[0m
[2019-07-06 15:51:13,884: DEBUG/ForkPoolWorker-5] [1m[一般] - [澎湃|人事风向]史胜林出任武警安徽省总队司令员，接替王宝音[0m
[2019-07-06 15:51:14,386: ERROR/ForkPoolWorker-5] [36m[橙色] - [澎湃|舆论场]陕西汉中3名官员聚赌因督导组“敲错门”被抓，警醒谁？[0m
[2019-07-06 15:51:14,888: WARNING/ForkPoolWorker-5] [33m[黄色] - [澎湃|运动家]与帕金森战斗12年！26岁小伙从拄拐少年变身肌肉小哥[0m
[2019-07-06 15:51:15,390: DEBUG/ForkPoolWorker-5] [1m[一般] - [界面|文娱]低调裸播、高调开跑、接连定档，Q3剧集迎来最后的狂欢？[0m
[2019-07-06 15:51:15,892: DEBUG/ForkPoolWorker-5] [1m[一般] - [界面|宏观]李克强：中国将提前一年取消金融业外资持股比例限制[0m
[2019-07-06 15:51:16,394: DEBUG/ForkPoolWorker-5] [1m[一般] - [澎湃|人事风向]贵州省委副秘书长石邦林任遵义市政协党组书记，提名主席人选[0m
[2019-07-06 15:51:16,895: DEBUG/ForkPoolWorker-5] [1m[一般] - [澎湃|私家地理]对话储卫民：国家地理旅行者摄影大赛全球总冠军的90后[0m
[2019-07-06 15:51:17,397: DEBUG/ForkPoolWorker-5] [1m[一般] - [澎湃|私家历史]周振鹤：谈谈我对《水经注》的认识[0m
[2019-07-06 15:51:17,898: DEBUG/ForkPoolWorker-5] [1m[一般] - [界面|时尚]老佛爷去世后的CHANEL高定首秀：优雅地行走在图书馆[0m
[2019-07-06 15:51:18,400: DEBUG/ForkPoolWorker-5] [1m[一般] - [澎湃|打虎记]充当黑恶势力保护伞，湖北自然资源厅原党组成员王保平被双开[0m
[2019-07-06 15:51:18,902: DEBUG/ForkPoolWorker-5] [1m[一般] - [澎湃|金改实验室]《人民币国际化报告2019》发布：强势反弹[0m
[2019-07-06 15:51:19,404: DEBUG/ForkPoolWorker-5] [1m[一般] - [澎湃|中国政库]山东发布“属地管理”清单指导目录，明确县乡职责分工[0m
[2019-07-06 15:51:19,906: INFO/ForkPoolWorker-5] [34m[蓝色] - [澎湃|港台来信]台南一小学导师被爆性侵学生20年，官方：终身不再聘为教师[0m
[2019-07-06 15:51:20,408: INFO/ForkPoolWorker-5] [34m[蓝色] - [界面|数据]数据 | 你抑郁了么？中国每100人至少抑郁3个[0m
[2019-07-06 15:51:20,910: DEBUG/ForkPoolWorker-5] [1m[一般] - [界面|天下]韩国政府完成“慰安妇”基金会注销手续，日方抗议：食言[0m
[2019-07-06 15:51:21,412: DEBUG/ForkPoolWorker-5] [1m[一般] - [澎湃|汽车圈]上汽集团总裁换任倒计时：王晓秋接棒陈志鑫进入公示阶段[0m
[2019-07-06 15:51:21,914: DEBUG/ForkPoolWorker-5] [1m[一般] - [界面|天下]欧盟伊朗将完成首笔绕开美国制裁的贸易，但伊朗的耐心快没了[0m
[2019-07-06 15:51:22,416: DEBUG/ForkPoolWorker-5] [1m[一般] - [界面|中国]【界面晚报】财政部在澳门首发20亿元人民币国债 “杀妻藏尸”案二审维持死刑判决[0m
[2019-07-06 15:51:22,917: DEBUG/ForkPoolWorker-5] [1m[一般] - [澎湃|人事风向]贵州安顺市市长陈训华已任市委书记[0m
[2019-07-06 15:51:23,418: DEBUG/ForkPoolWorker-5] [1m[一般] - [澎湃|舆论场]媒体：呼吁遛狗拴绳立法，不管好狗就“设法”管好狗主人[0m
[2019-07-06 15:51:23,919: DEBUG/ForkPoolWorker-5] [1m[一般] - [澎湃|上海书评]周松芳︱陈寅恪的波士顿醉香楼龙虾及其他[0m
[2019-07-06 15:51:24,424: DEBUG/ForkPoolWorker-5] [1m[一般] - [界面|中国]洞庭湖“超级矮围”业主被公诉，曾使62名官员被问责[0m
[2019-07-06 15:51:24,926: DEBUG/ForkPoolWorker-5] [1m[一般] - [澎湃|人事风向]孙硕当选北京市西城区区长[0m
[2019-07-06 15:51:25,428: DEBUG/ForkPoolWorker-5] [1m[一般] - [澎湃|打虎记]北京市公安局大兴分局交通支队支队长王爱民接受审查调查[0m
[2019-07-06 15:51:25,930: DEBUG/ForkPoolWorker-5] [1m[一般] - [界面|国是]寻精神，守初心，强信心|“记者再走长征路”活动引发热烈反响[0m
[2019-07-06 15:51:26,432: DEBUG/ForkPoolWorker-5] [1m[一般] - [澎湃|中国政库]今年6月全国受理网络违法和不良信息举报1170万件[0m
[2019-07-06 15:51:26,934: DEBUG/ForkPoolWorker-5] [1m[一般] - [界面|宏观]【财经24小时】支付宝将下调小微贷款利率[0m
[2019-07-06 15:51:27,435: DEBUG/ForkPoolWorker-5] [1m[一般] - [界面|天下]日朝峰会见端倪？日媒：金正恩已留意安倍新方针，希望弄清真实想法[0m
[2019-07-06 15:51:27,937: DEBUG/ForkPoolWorker-5] [1m[一般] - [澎湃|自贸区连线]人民日报：“友好合作才是正轨”[0m
[2019-07-06 15:51:28,439: DEBUG/ForkPoolWorker-5] [1m[一般] - [澎湃|文艺范]夏季音乐节｜乌特·兰帕献声《七宗罪》，举手投足里都是戏[0m
[2019-07-06 15:51:28,940: DEBUG/ForkPoolWorker-5] [1m[一般] - [界面|天下]美国加州再遇强震多场NBA赛事中断，未来一周可能还有7级地震[0m
[2019-07-06 15:51:29,441: DEBUG/ForkPoolWorker-5] [1m[一般] - [界面|体育]三因素解读财政公平法案为何找曼城麻烦？ 新赛季无欧冠禁令危机[0m
[2019-07-06 15:51:29,943: DEBUG/ForkPoolWorker-5] [1m[一般] - [澎湃|中南海]G20峰会前一天，习近平这两场会见释放丰富信息[0m
[2019-07-06 15:51:30,445: DEBUG/ForkPoolWorker-5] [1m[一般] - [澎湃|港台来信]新北市一出狱人员容留场所发生火情，已造成2死3伤[0m
[2019-07-06 15:51:30,946: INFO/ForkPoolWorker-5] [34m[蓝色] - [澎湃|舆论场]媒体：离不离婚，不用等高考  [0m
[2019-07-06 15:51:31,448: DEBUG/ForkPoolWorker-5] [1m[一般] - [澎湃|人事风向]深圳教育局长张基宏兼任深圳技术大学党委书记，阮双琛任校长[0m
[2019-07-06 15:51:31,950: DEBUG/ForkPoolWorker-5] [1m[一般] - [界面|时尚]香奈儿近日在一起中国“双C”商标维权案中败诉[0m
[2019-07-06 15:51:32,452: DEBUG/ForkPoolWorker-5] [1m[一般] - [界面|文娱]环球影业未来能和迪士尼掰手腕吗？[0m
[2019-07-06 15:51:32,953: DEBUG/ForkPoolWorker-5] [1m[一般] - [澎湃|澎湃质量报告]北京对全市甘茶度饮品店开展督查检查：仍有发现腐败变质原料[0m
[2019-07-06 15:51:33,455: DEBUG/ForkPoolWorker-5] [1m[一般] - [澎湃|人事风向]洪亮任外交部边界与海洋事务司司长，曾任中国驻缅甸大使[0m
[2019-07-06 15:51:33,957: DEBUG/ForkPoolWorker-5] [1m[一般] - [界面|数据]数据 | 上海国际电影节报名影片26年翻22倍，4部中国影片获奖[0m
[2019-07-06 15:51:34,458: DEBUG/ForkPoolWorker-5] [1m[一般] - [界面|中国]良渚古城“申遗”成功，中国世界遗产总数达55处位居世界第一[0m
[2019-07-06 15:51:34,959: INFO/ForkPoolWorker-5] [34m[蓝色] - [澎湃|财经上下游]北上广等28城调整公积金缴存基数，你每月交多少?[0m
[2019-07-06 15:51:35,460: ERROR/ForkPoolWorker-5] [36m[橙色] - [界面|中国]【特写】深圳最大城中村“白石洲”清租困局：被断档的学位[0m
[2019-07-06 15:51:35,961: DEBUG/ForkPoolWorker-5] [1m[一般] - [界面|天下]伊核协议彻底作废？鲁哈尼施压欧洲：周日突破浓缩铀丰度限制[0m
[2019-07-06 15:51:36,463: DEBUG/ForkPoolWorker-5] [1m[一般] - [界面|宏观]【财经数据】全国机动车保有量3.4亿辆，汽车2.5亿辆[0m
[2019-07-06 15:51:36,968: INFO/ForkPoolWorker-5] [34m[蓝色] - [界面|数据]数据 | 家乐福的中国“溃败”[0m
[2019-07-06 15:51:37,470: DEBUG/ForkPoolWorker-5] [1m[一般] - [澎湃|有戏]《流淌的美好时光》：美好只能靠“滤镜”了[0m
[2019-07-06 15:51:37,972: DEBUG/ForkPoolWorker-5] [1m[一般] - [界面|中国]部分地方“分红式扶贫”跑偏：懒汉啥也不干分红上千元[0m
[2019-07-06 15:51:38,474: WARNING/ForkPoolWorker-5] [33m[黄色] - [界面|宏观]今年夏天哪个城市最难找工作？北京一个岗位130多人竞争[0m
[2019-07-06 15:51:38,976: DEBUG/ForkPoolWorker-5] [1m[一般] - [界面|宏观]【财经24小时】社区养老、托育、家政服务收入免征增值税[0m
[2019-07-06 15:51:39,477: DEBUG/ForkPoolWorker-5] [1m[一般] - [澎湃|人事风向]李鸿飞大校已接替周琪少将担任中国驻法国大使馆武官[0m
[2019-07-06 15:51:39,979: DEBUG/ForkPoolWorker-5] [1m[一般] - [界面|国是]功勋长存“后卫师”[0m
[2019-07-06 15:51:40,481: INFO/ForkPoolWorker-5] [34m[蓝色] - [澎湃|财经上下游]捕鱼机老虎机将不得含押分、退钢珠等宣扬赌博内容[0m
[2019-07-06 15:51:40,982: DEBUG/ForkPoolWorker-5] [1m[一般] - [界面|国是]用理论之光照亮中华民族复兴之路[0m
[2019-07-06 15:51:41,483: DEBUG/ForkPoolWorker-5] [1m[一般] - [界面|中国]告别谁弱谁有理，多地整治行人、非机动车交通违法行为[0m
[2019-07-06 15:51:41,985: DEBUG/ForkPoolWorker-5] [1m[一般] - [界面|宏观]京津冀一体化爬坡过坎：“飞地模式”成重要抓手[0m
[2019-07-06 15:51:42,486: DEBUG/ForkPoolWorker-5] [1m[一般] - [澎湃|人事风向]甘肃陇南、庆阳两地市委副书记拟赴国有企业任职[0m
[2019-07-06 15:51:42,988: DEBUG/ForkPoolWorker-5] [1m[一般] - [界面|天下]【天下奇闻】美国男子欲性侵9岁女童获刑30年 法国正式通过“禁打屁股法”[0m
[2019-07-06 15:51:43,490: DEBUG/ForkPoolWorker-5] [1m[一般] - [界面|天下]巴西亚马孙雨林流失加速，森林砍伐地被爆违规放牧卖牛[0m
[2019-07-06 15:51:43,992: INFO/ForkPoolWorker-5] [34m[蓝色] - [澎湃|舆论场]人民日报：教育不可能一蹴而就，家长不必拔苗助长[0m
[2019-07-06 15:51:44,494: DEBUG/ForkPoolWorker-5] [1m[一般] - [界面|国是]中国共产党如何始终做到自身过硬？| 音频课[0m
[2019-07-06 15:51:44,996: DEBUG/ForkPoolWorker-5] [1m[一般] - [澎湃|澎湃国际]欧盟、伊朗将完成首笔“特殊贸易”，绕过美方制裁[0m
[2019-07-06 15:51:45,498: DEBUG/ForkPoolWorker-5] [1m[一般] - [澎湃|打虎记]广西一正科级官员出庭受审：涉嫌受贿877万元[0m
[2019-07-06 15:51:46,000: DEBUG/ForkPoolWorker-5] [1m[一般] - [澎湃|教育家]国科大举行2019年毕业典礼：5605人获博士学位[0m
[2019-07-06 15:51:46,501: DEBUG/ForkPoolWorker-5] [1m[一般] - [界面|天下]博尔顿、蓬佩奥带头喊打，美国对伊鹰派势力有多大？[0m
[2019-07-06 15:51:47,002: DEBUG/ForkPoolWorker-5] [1m[一般] - [澎湃|中南海]一个月内多次出访，习近平引用了这些诗词典故[0m
[2019-07-06 15:51:47,503: DEBUG/ForkPoolWorker-5] [1m[一般] - [界面|中国]水利部：预计长江中下游、辽河等流域将发生区域性较大洪水[0m
[2019-07-06 15:51:48,005: DEBUG/ForkPoolWorker-5] [1m[一般] - [界面|国是]习近平在深化党和国家机构改革总结会议上强调：巩固党和国家机构改革成果 推进国家治理体系和治理能力现代化[0m
[2019-07-06 15:51:48,507: DEBUG/ForkPoolWorker-5] [1m[一般] - [澎湃|中国政库]人民日报海外版：中国将增设知识产权专业职称[0m
[2019-07-06 15:51:49,009: DEBUG/ForkPoolWorker-5] [1m[一般] - [界面|宏观]一体化时代来临，谁会是长三角下一个潜力之城？[0m
[2019-07-06 15:51:49,511: DEBUG/ForkPoolWorker-5] [1m[一般] - [澎湃|打虎记]国家税务总局阿坝州税务局党委书记、局长吴光旭接受监察调查[0m
[2019-07-06 15:51:50,013: DEBUG/ForkPoolWorker-5] [1m[一般] - [界面|天下]两名中国游客在马来西亚潜水时遇难，肇因疑似捕鱼爆炸物[0m
[2019-07-06 15:51:50,515: INFO/ForkPoolWorker-5] [34m[蓝色] - [澎湃|打虎记]马鞍山市住房和城乡建设局局长马作兵接受纪律审查和监察调查[0m
[2019-07-06 15:51:51,017: DEBUG/ForkPoolWorker-5] [1m[一般] - [界面|体育]体坛又曝腐败丑闻：里约前州长承认行贿200万美元确保奥运会举办权[0m
[2019-07-06 15:51:51,518: DEBUG/ForkPoolWorker-5] [1m[一般] - [澎湃|中国政库]阜阳：市县两级排查梳理319条形式主义官僚主义等各类问题[0m
[2019-07-06 15:51:52,020: DEBUG/ForkPoolWorker-5] [1m[一般] - [澎湃|自贸区连线]人民日报海外版：中国外贸，接下来还会稳[0m
[2019-07-06 15:51:52,520: INFO/ForkPoolWorker-5] [34m[蓝色] - [澎湃|金改实验室]热点追踪｜IMF要发数字货币取代世界储备货币？[0m
[2019-07-06 15:51:53,021: DEBUG/ForkPoolWorker-5] [1m[一般] - [界面|数据]图解 | 7大领域进一步放宽外资准入，2019年版外资准入负面清单[0m
[2019-07-06 15:51:53,523: DEBUG/ForkPoolWorker-5] [1m[一般] - [界面|宏观]【评论】中国经济延展内生韧性，下行压力不失控[0m
[2019-07-06 15:51:54,024: DEBUG/ForkPoolWorker-5] [1m[一般] - [澎湃|金改实验室]银保监会副主席：一季末银行业保险业资管产品余额近44万亿[0m
[2019-07-06 15:51:54,528: INFO/ForkPoolWorker-5] [34m[蓝色] - [澎湃|地产界]恒大为造车再花8亿买地，3个月累计买下146万平方米土地[0m
[2019-07-06 15:51:55,030: DEBUG/ForkPoolWorker-5] [1m[一般] - [澎湃|翻书党]《闽诗传统的生成》：地域文学研究的新探索[0m
[2019-07-06 15:51:55,532: DEBUG/ForkPoolWorker-5] [1m[一般] - [界面|中国]洛阳农科院原院长被双开：对育种失误造成国家经济损失负责[0m
[2019-07-06 15:51:56,034: DEBUG/ForkPoolWorker-5] [1m[一般] - [界面|中国]河南永城警方通报玛莎拉蒂撞宝马事故：肇事女司机23岁无业[0m
[2019-07-06 15:51:56,536: DEBUG/ForkPoolWorker-5] [1m[一般] - [澎湃|教育家]网传“广东普宁一教师性侵学生”，警方：系去年发生，正调查[0m
[2019-07-06 15:51:57,038: DEBUG/ForkPoolWorker-5] [1m[一般] - [澎湃|中南海]作为百年大党，中国共产党如何实现长期执政？习近平这样说[0m
[2019-07-06 15:51:57,540: DEBUG/ForkPoolWorker-5] [1m[一般] - [界面|体育]耐克重注女足世界杯获回报，美国主场球衣创季度销量纪录[0m
[2019-07-06 15:51:58,042: DEBUG/ForkPoolWorker-5] [1m[一般] - [澎湃|运动家]二队出马也能击败强敌意大利，这就是中国女排的“深度”[0m
[2019-07-06 15:51:58,543: DEBUG/ForkPoolWorker-5] [1m[一般] - [界面|国是]习近平会见孟加拉国总理[0m
[2019-07-06 15:51:59,045: DEBUG/ForkPoolWorker-5] [1m[一般] - [澎湃|非常品]从塑料到包包和时装，让时尚更环保[0m
[2019-07-06 15:51:59,546: DEBUG/ForkPoolWorker-5] [1m[一般] - [澎湃|人事风向]“双一流”建设高校湖南师范大学书记、校长同步调整[0m
[2019-07-06 15:52:00,048: INFO/ForkPoolWorker-5] [34m[蓝色] - [澎湃|舆论场]新华社：部分乡村干部权力任性，怎么破[0m
[2019-07-06 15:52:00,550: DEBUG/ForkPoolWorker-5] [1m[一般] - [界面|天下]马杜罗：要用对话和谅解化解委国内矛盾，所有人都要退一步[0m
[2019-07-06 15:52:01,052: ERROR/ForkPoolWorker-5] [36m[橙色] - [澎湃|中南海]建设清洁美丽世界，习近平这些话字字珠玑[0m
[2019-07-06 15:52:01,554: DEBUG/ForkPoolWorker-5] [1m[一般] - [澎湃|文艺范]忒修斯：年轻轻玩乐队的，却说什么“文以载道” [0m
[2019-07-06 15:52:02,055: WARNING/ForkPoolWorker-5] [33m[黄色] - [澎湃|打虎记]张家口万全区委副书记、区长张志友接受审查调查[0m
[2019-07-06 15:52:02,557: DEBUG/ForkPoolWorker-5] [1m[一般] - [澎湃|舆论场]媒体谈偷拍事件：技术监管不到位，面临具体处罚该有法可依[0m
[2019-07-06 15:52:03,059: DEBUG/ForkPoolWorker-5] [1m[一般] - [澎湃|人事风向]东华大学原校长蒋昌俊调任同济大学正局级副校长[0m
[2019-07-06 15:52:03,561: DEBUG/ForkPoolWorker-5] [1m[一般] - [澎湃|人事风向]杨涌出任人民日报社编委委员，继续兼任总编室主任[0m
[2019-07-06 15:52:04,063: DEBUG/ForkPoolWorker-5] [1m[一般] - [澎湃|古代艺术]良渚古城遗址公园网上预约7月7日开放，每日预约不超三千人[0m
[2019-07-06 15:52:04,564: DEBUG/ForkPoolWorker-5] [1m[一般] - [澎湃|打虎记]江西芦溪县委常委刘宗萍主动投案接受调查[0m
[2019-07-06 15:52:05,066: DEBUG/ForkPoolWorker-5] [1m[一般] - [界面|数据]图解 | 腾讯、阿里激战新零售，家乐福难站队[0m
[2019-07-06 15:52:05,567: INFO/ForkPoolWorker-5] [34m[蓝色] - [澎湃|金改实验室]美国6月非农数据亮眼打压降息预期，特朗普再发推抨击美联储[0m
[2019-07-06 15:52:06,069: INFO/ForkPoolWorker-5] [34m[蓝色] - [澎湃|运动家]NBA地震！伦纳德、保罗·乔治将转投快船，湖人球迷哭了[0m
[2019-07-06 15:52:06,571: INFO/ForkPoolWorker-5] [34m[蓝色] - [澎湃|舆论场]媒体刊文评针孔摄像头在电商平台热卖：遏制偷拍需从源头管控[0m
[2019-07-06 15:52:07,073: DEBUG/ForkPoolWorker-5] [1m[一般] - [界面|国是]深化党和国家机构改革，习近平明确下一步任务和方向[0m
[2019-07-06 15:52:07,575: DEBUG/ForkPoolWorker-5] [1m[一般] - [澎湃|市政厅]少女小雨的同人文世界｜埃瑞璜⑤[0m
[2019-07-06 15:52:08,077: INFO/ForkPoolWorker-5] [34m[蓝色] - [澎湃|澎湃国际]为防范恐怖分子隐藏身份，突尼斯禁止在公共机构穿戴蒙面面纱[0m
[2019-07-06 15:52:08,579: DEBUG/ForkPoolWorker-5] [1m[一般] - [澎湃|私家地理]在考纳斯，享受立陶宛的“故都的秋”[0m
[2019-07-06 15:52:09,081: DEBUG/ForkPoolWorker-5] [1m[一般] - [界面|中国]大学异地办学热潮：地方政府追捧的“名校校区”为何原则上不再审批？[0m
[2019-07-06 15:52:09,583: DEBUG/ForkPoolWorker-5] [1m[一般] - [界面|数据]图解 | 一退再退，家乐福在全球市场还剩下这些[0m
[2019-07-06 15:52:10,085: DEBUG/ForkPoolWorker-5] [1m[一般] - [澎湃|人事风向]李伯超任湘潭大学校长[0m
[2019-07-06 15:52:10,586: DEBUG/ForkPoolWorker-5] [1m[一般] - [澎湃|古代艺术]台北故宫新展：走进古画里的“动物园”，营造共学共玩情境[0m
[2019-07-06 15:52:11,088: WARNING/ForkPoolWorker-5] [33m[黄色] - [澎湃|舆论场]新华社评“李尚平案”：积案不能沉没，再难也得查个水落石出[0m
[2019-07-06 15:52:11,590: DEBUG/ForkPoolWorker-5] [1m[一般] - [澎湃|浦江头条]上半年上海快递外卖行业交通事故情况：饿了么占比最高[0m
[2019-07-06 15:52:12,092: DEBUG/ForkPoolWorker-5] [1m[一般] - [界面|中国]地方新闻精选|深圳拟规定出租人不得单方面提高租金 广州高空抛物或赔到倾家荡产[0m
[2019-07-06 15:52:12,594: ERROR/ForkPoolWorker-5] [36m[橙色] - [澎湃|中国政库]亚洲首位！南京大学沈树忠院士获国际地层学最高金奖[0m
[2019-07-06 15:52:13,096: DEBUG/ForkPoolWorker-5] [1m[一般] - [澎湃|汽车圈]53岁科鲁格宣布不再谋求连任，宝马最晚明年更换全球董事长[0m
[2019-07-06 15:52:13,598: DEBUG/ForkPoolWorker-5] [1m[一般] - [界面|天下]【天下头条】伊朗称要扣押英国船只以示报复 美国6月就业增长强劲但美股收低[0m
[2019-07-06 15:52:14,099: DEBUG/ForkPoolWorker-5] [1m[一般] - [澎湃|中国政库]传媒湃｜“中国农业新闻网”已改版为“中国农网”[0m
[2019-07-06 15:52:14,601: DEBUG/ForkPoolWorker-5] [1m[一般] - [界面|中国]中国在南海岛礁试射反舰导弹？国防部回应[0m
[2019-07-06 15:52:15,103: DEBUG/ForkPoolWorker-5] [1m[一般] - [澎湃|打虎记]河南省司法厅党委委员、副厅长黄真伟接受审查调查[0m
[2019-07-06 15:52:15,605: DEBUG/ForkPoolWorker-5] [1m[一般] - [界面|中国]天津男子“杀妻骗保案”在泰国开庭：涉案保险材料8个签字7个假[0m
[2019-07-06 15:52:16,106: DEBUG/ForkPoolWorker-5] [1m[一般] - [界面|天下]朝鲜近年来成立多家保险公司，现在他们开始面向外商营销[0m
[2019-07-06 15:52:16,607: DEBUG/ForkPoolWorker-5] [1m[一般] - [澎湃|打虎记]安徽怀宁县委常委、宣传部部长程廷灿接受纪律审查和监察调查[0m
[2019-07-06 15:52:17,109: ERROR/ForkPoolWorker-5] [36m[橙色] - [澎湃|舆论场]点穴大师打败散打冠军？中青报：弘扬武术文化不能只剩表演[0m
[2019-07-06 15:52:17,611: DEBUG/ForkPoolWorker-5] [1m[一般] - [澎湃|中国政库]吉林工程技术师范学院副教授徐承彬涉嫌抄袭他人论文[0m
[2019-07-06 15:52:18,115: INFO/ForkPoolWorker-5] Task celery_app.monitor.output[f7411b27-62af-40cc-b167-58897a12c8fc] succeeded in 139.9962905000002s: None
